Using pre-set license
Built from '2020.2/staging' branch; Version is '2020.2.7f1 (c53830e277f1) revision 12924976'; Using compiler version '192528614'; Build Type 'Release'
OS: 'Windows 10 Home; OS build 19042.1466; Version 2009; 64bit' Language: 'de' Physical Memory: 16240 MB
BatchMode: 1, IsHumanControllingUs: 0, StartBugReporterOnCrash: 0, Is64bit: 1, IsPro: 0

 COMMAND LINE ARGUMENTS:
D:\PROGRAMME\Unity\2020.2.7f1\Editor\Unity.exe
-adb2
-batchMode
-noUpm
-name
AssetImportWorker0
-projectPath
D:/#Uni/Tiere im Film/OpenCV/OpenCV_Tracking
-logFile
Logs/AssetImportWorker0.log
-srvPort
58098
Successfully changed project path to: D:/#Uni/Tiere im Film/OpenCV/OpenCV_Tracking
D:/#Uni/Tiere im Film/OpenCV/OpenCV_Tracking
Using Asset Import Pipeline V2.
Refreshing native plugins compatible for Editor in 51.85 ms, found 1 plugins.
Preloading 0 native plugins for Editor in 0.00 ms.
Initialize engine version: 2020.2.7f1 (c53830e277f1)
[Subsystems] Discovering subsystems at path D:/PROGRAMME/Unity/2020.2.7f1/Editor/Data/Resources/UnitySubsystems
[Subsystems] Discovering subsystems at path D:/#Uni/Tiere im Film/OpenCV/OpenCV_Tracking/Assets
GfxDevice: creating device client; threaded=0
Direct3D:
    Version:  Direct3D 11.0 [level 11.1]
    Renderer: NVIDIA GeForce GTX 1060 6GB (ID=0x1c03)
    Vendor:   
    VRAM:     6052 MB
    Driver:   30.0.15.1123
Initialize mono
Mono path[0] = 'D:/PROGRAMME/Unity/2020.2.7f1/Editor/Data/Managed'
Mono path[1] = 'D:/PROGRAMME/Unity/2020.2.7f1/Editor/Data/MonoBleedingEdge/lib/mono/unityjit'
Mono config path = 'D:/PROGRAMME/Unity/2020.2.7f1/Editor/Data/MonoBleedingEdge/etc'
Using monoOptions --debugger-agent=transport=dt_socket,embedding=1,server=y,suspend=n,address=127.0.0.1:56708
Begin MonoManager ReloadAssembly
Registering precompiled unity dll's ...
Register platform support module: D:/PROGRAMME/Unity/2020.2.7f1/Editor/Data/PlaybackEngines/WindowsStandaloneSupport/UnityEditor.WindowsStandalone.Extensions.dll
Registered in 0.005114 seconds.
Native extension for WindowsStandalone target not found
Refreshing native plugins compatible for Editor in 53.52 ms, found 1 plugins.
Preloading 0 native plugins for Editor in 0.00 ms.
Invoked RoslynAnalysisRunner static constructor.
RoslynAnalysisRunner will not be running.
RoslynAnalysisRunner has terminated.
Mono: successfully reloaded assembly
- Completed reload, in  3.273 seconds
Platform modules already initialized, skipping
Registering precompiled user dll's ...
Registered in 0.004000 seconds.
Begin MonoManager ReloadAssembly
Native extension for WindowsStandalone target not found
Refreshing native plugins compatible for Editor in 52.41 ms, found 1 plugins.
Preloading 0 native plugins for Editor in 0.00 ms.
Invoked RoslynAnalysisRunner static constructor.
RoslynAnalysisRunner will not be running.
RoslynAnalysisRunner has terminated.
Mono: successfully reloaded assembly
- Completed reload, in  1.417 seconds
Platform modules already initialized, skipping
========================================================================
Worker process is ready to serve import requests
Shader 'Universal Render Pipeline/Particles/Lit': fallback shader 'Universal Render Pipeline/Particles/SimpleLit' not found
Shader 'Universal Render Pipeline/Particles/Lit': fallback shader 'Universal Render Pipeline/Particles/SimpleLit' not found
Launched and connected shader compiler UnityShaderCompiler.exe after 0.06 seconds
Refreshing native plugins compatible for Editor in 0.47 ms, found 1 plugins.
Preloading 0 native plugins for Editor in 0.00 ms.
Unloading 2827 Unused Serialized files (Serialized files now loaded: 0)
System memory in use before: 124.1 MB.
System memory in use after: 121.9 MB.

Unloading 51 unused Assets to reduce memory usage. Loaded Objects now: 3228.
Total: 3.208100 ms (FindLiveObjects: 0.266400 ms CreateObjectMapping: 0.154700 ms MarkObjects: 1.577600 ms  DeleteObjects: 1.208400 ms)

========================================================================
Received Import Request.
  path: Assets/shape_predictor_68_face_landmarks.bytes
  artifactKey: Guid(79e677bfa129d5b4d95a576717668a42) Importer(815301076,1909f56bfc062723c751e8b465ee728b)
Start importing Assets/shape_predictor_68_face_landmarks.bytes using Guid(79e677bfa129d5b4d95a576717668a42) Importer(815301076,1909f56bfc062723c751e8b465ee728b)  -> (artifact id: '7fbcf04caebfe1ea38467ffc414cea9e') in 0.099996 seconds
  Import took 0.108890 seconds .

========================================================================
Received Import Request.
  Time since last request: 3.238887 seconds.
  path: Assets/Scenes
  artifactKey: Guid(f46c3ac847e4f0b4aa53e7ad1e6d0530) Importer(815301076,1909f56bfc062723c751e8b465ee728b)
Start importing Assets/Scenes using Guid(f46c3ac847e4f0b4aa53e7ad1e6d0530) Importer(815301076,1909f56bfc062723c751e8b465ee728b)  -> (artifact id: '49cd58005e87c4b9b555865202306283') in 0.003909 seconds
  Import took 0.008662 seconds .

========================================================================
Received Import Request.
  Time since last request: 3.294647 seconds.
  path: Assets/OpenCV+Unity
  artifactKey: Guid(b8f3d0fad5b361e48ad3e03405284632) Importer(815301076,1909f56bfc062723c751e8b465ee728b)
Start importing Assets/OpenCV+Unity using Guid(b8f3d0fad5b361e48ad3e03405284632) Importer(815301076,1909f56bfc062723c751e8b465ee728b)  -> (artifact id: '663c449856172f9492ecb3d6e0553a23') in 0.004140 seconds
  Import took 0.008616 seconds .

========================================================================
Received Import Request.
  Time since last request: 1.163047 seconds.
  path: Assets/OpenCV+Unity/Assets
  artifactKey: Guid(5c5d5964f1003a24881c13c44a5ba80b) Importer(815301076,1909f56bfc062723c751e8b465ee728b)
Start importing Assets/OpenCV+Unity/Assets using Guid(5c5d5964f1003a24881c13c44a5ba80b) Importer(815301076,1909f56bfc062723c751e8b465ee728b)  -> (artifact id: 'bf49d68e5fb031eae0366421e723d7df') in 0.004036 seconds
  Import took 0.008656 seconds .

========================================================================
Received Import Request.
  Time since last request: 1.645073 seconds.
  path: Assets/OpenCV+Unity/Demo
  artifactKey: Guid(ce78d9df8b80e0c4082206ba4a3ae9bf) Importer(815301076,1909f56bfc062723c751e8b465ee728b)
Start importing Assets/OpenCV+Unity/Demo using Guid(ce78d9df8b80e0c4082206ba4a3ae9bf) Importer(815301076,1909f56bfc062723c751e8b465ee728b)  -> (artifact id: '635b5a96e5fab96e71af17e5a2a6a28a') in 0.004519 seconds
  Import took 0.009869 seconds .

========================================================================
Received Import Request.
  Time since last request: 2.640334 seconds.
  path: Assets/OpenCV+Unity/Demo/Face_Recognizer
  artifactKey: Guid(a8f1e656c34aaa749bb6d89be361cc52) Importer(815301076,1909f56bfc062723c751e8b465ee728b)
Start importing Assets/OpenCV+Unity/Demo/Face_Recognizer using Guid(a8f1e656c34aaa749bb6d89be361cc52) Importer(815301076,1909f56bfc062723c751e8b465ee728b)  -> (artifact id: '8d1594c2b7ae9b02ebb6d29593dc5c74') in 0.003838 seconds
  Import took 0.008851 seconds .

