Using pre-set license
Built from '2020.2/staging' branch; Version is '2020.2.7f1 (c53830e277f1) revision 12924976'; Using compiler version '192528614'; Build Type 'Release'
OS: 'Windows 10 Home; OS build 19042.1466; Version 2009; 64bit' Language: 'de' Physical Memory: 16240 MB
BatchMode: 1, IsHumanControllingUs: 0, StartBugReporterOnCrash: 0, Is64bit: 1, IsPro: 0

 COMMAND LINE ARGUMENTS:
D:\PROGRAMME\Unity\2020.2.7f1\Editor\Unity.exe
-adb2
-batchMode
-noUpm
-name
AssetImportWorker0
-projectPath
D:/#Uni/Tiere im Film/OpenCV/OpenCV_Tracking
-logFile
Logs/AssetImportWorker0.log
-srvPort
58194
Successfully changed project path to: D:/#Uni/Tiere im Film/OpenCV/OpenCV_Tracking
D:/#Uni/Tiere im Film/OpenCV/OpenCV_Tracking
Using Asset Import Pipeline V2.
Refreshing native plugins compatible for Editor in 85.42 ms, found 1 plugins.
Preloading 0 native plugins for Editor in 0.00 ms.
Initialize engine version: 2020.2.7f1 (c53830e277f1)
[Subsystems] Discovering subsystems at path D:/PROGRAMME/Unity/2020.2.7f1/Editor/Data/Resources/UnitySubsystems
[Subsystems] Discovering subsystems at path D:/#Uni/Tiere im Film/OpenCV/OpenCV_Tracking/Assets
GfxDevice: creating device client; threaded=0
Direct3D:
    Version:  Direct3D 11.0 [level 11.1]
    Renderer: NVIDIA GeForce GTX 1060 6GB (ID=0x1c03)
    Vendor:   
    VRAM:     6052 MB
    Driver:   30.0.15.1123
Initialize mono
Mono path[0] = 'D:/PROGRAMME/Unity/2020.2.7f1/Editor/Data/Managed'
Mono path[1] = 'D:/PROGRAMME/Unity/2020.2.7f1/Editor/Data/MonoBleedingEdge/lib/mono/unityjit'
Mono config path = 'D:/PROGRAMME/Unity/2020.2.7f1/Editor/Data/MonoBleedingEdge/etc'
Using monoOptions --debugger-agent=transport=dt_socket,embedding=1,server=y,suspend=n,address=127.0.0.1:56968
Begin MonoManager ReloadAssembly
Registering precompiled unity dll's ...
Register platform support module: D:/PROGRAMME/Unity/2020.2.7f1/Editor/Data/PlaybackEngines/WindowsStandaloneSupport/UnityEditor.WindowsStandalone.Extensions.dll
Registered in 0.005007 seconds.
Native extension for WindowsStandalone target not found
Refreshing native plugins compatible for Editor in 108.20 ms, found 1 plugins.
Preloading 0 native plugins for Editor in 0.00 ms.
Invoked RoslynAnalysisRunner static constructor.
RoslynAnalysisRunner will not be running.
RoslynAnalysisRunner has terminated.
Mono: successfully reloaded assembly
- Completed reload, in  3.067 seconds
Platform modules already initialized, skipping
Registering precompiled user dll's ...
Registered in 0.008523 seconds.
Begin MonoManager ReloadAssembly
Native extension for WindowsStandalone target not found
Refreshing native plugins compatible for Editor in 50.36 ms, found 1 plugins.
Preloading 0 native plugins for Editor in 0.00 ms.
Invoked RoslynAnalysisRunner static constructor.
RoslynAnalysisRunner will not be running.
RoslynAnalysisRunner has terminated.
Mono: successfully reloaded assembly
- Completed reload, in  1.361 seconds
Platform modules already initialized, skipping
========================================================================
Worker process is ready to serve import requests
Shader 'Universal Render Pipeline/Particles/Lit': fallback shader 'Universal Render Pipeline/Particles/SimpleLit' not found
Shader 'Universal Render Pipeline/Particles/Lit': fallback shader 'Universal Render Pipeline/Particles/SimpleLit' not found
Launched and connected shader compiler UnityShaderCompiler.exe after 0.08 seconds
Refreshing native plugins compatible for Editor in 0.46 ms, found 1 plugins.
Preloading 0 native plugins for Editor in 0.00 ms.
Unloading 2827 Unused Serialized files (Serialized files now loaded: 0)
System memory in use before: 124.1 MB.
System memory in use after: 121.9 MB.

Unloading 51 unused Assets to reduce memory usage. Loaded Objects now: 3228.
Total: 3.285600 ms (FindLiveObjects: 0.241300 ms CreateObjectMapping: 0.092900 ms MarkObjects: 1.736700 ms  DeleteObjects: 1.213000 ms)

========================================================================
Received Import Request.
  path: Assets/shape_predictor_68_face_landmarks.bytes
  artifactKey: Guid(79e677bfa129d5b4d95a576717668a42) Importer(815301076,1909f56bfc062723c751e8b465ee728b)
Start importing Assets/shape_predictor_68_face_landmarks.bytes using Guid(79e677bfa129d5b4d95a576717668a42) Importer(815301076,1909f56bfc062723c751e8b465ee728b)  -> (artifact id: 'ec1fba44a27035e930dfd0d6a2213a44') in 0.186864 seconds
  Import took 0.217007 seconds .

========================================================================
Received Import Request.
  Time since last request: 12.285104 seconds.
  path: Assets/OpenCV+Unity/Demo/Face_Detector/FaceDetectorScene.unity
  artifactKey: Guid(dc53129b9536b4047802944847361339) Importer(815301076,1909f56bfc062723c751e8b465ee728b)
Start importing Assets/OpenCV+Unity/Demo/Face_Detector/FaceDetectorScene.unity using Guid(dc53129b9536b4047802944847361339) Importer(815301076,1909f56bfc062723c751e8b465ee728b)  -> (artifact id: '916db035c7c1180b9d6b15e43f54d566') in 0.005458 seconds
  Import took 0.011099 seconds .

========================================================================
Received Prepare
Registering precompiled user dll's ...
Registered in 0.003584 seconds.
Begin MonoManager ReloadAssembly
Native extension for WindowsStandalone target not found
Refreshing native plugins compatible for Editor in 0.94 ms, found 1 plugins.
Preloading 0 native plugins for Editor in 0.00 ms.
Invoked RoslynAnalysisRunner static constructor.
RoslynAnalysisRunner will not be running.
RoslynAnalysisRunner has terminated.
Mono: successfully reloaded assembly
- Completed reload, in  1.281 seconds
Platform modules already initialized, skipping
Shader 'Universal Render Pipeline/Particles/Lit': fallback shader 'Universal Render Pipeline/Particles/SimpleLit' not found
Shader 'Universal Render Pipeline/Particles/Lit': fallback shader 'Universal Render Pipeline/Particles/SimpleLit' not found
Refreshing native plugins compatible for Editor in 0.47 ms, found 1 plugins.
Preloading 0 native plugins for Editor in 0.00 ms.
Unloading 2752 Unused Serialized files (Serialized files now loaded: 0)
System memory in use before: 121.0 MB.
System memory in use after: 118.8 MB.

Unloading 46 unused Assets to reduce memory usage. Loaded Objects now: 3231.
Total: 3.446700 ms (FindLiveObjects: 0.348100 ms CreateObjectMapping: 0.144200 ms MarkObjects: 1.690700 ms  DeleteObjects: 1.262600 ms)

========================================================================
Received Prepare
Registering precompiled user dll's ...
Registered in 0.015248 seconds.
Begin MonoManager ReloadAssembly
Native extension for WindowsStandalone target not found
Refreshing native plugins compatible for Editor in 1.07 ms, found 1 plugins.
Preloading 0 native plugins for Editor in 0.00 ms.
Invoked RoslynAnalysisRunner static constructor.
RoslynAnalysisRunner will not be running.
RoslynAnalysisRunner has terminated.
Mono: successfully reloaded assembly
- Completed reload, in  1.251 seconds
Platform modules already initialized, skipping
Shader 'Universal Render Pipeline/Particles/Lit': fallback shader 'Universal Render Pipeline/Particles/SimpleLit' not found
Shader 'Universal Render Pipeline/Particles/Lit': fallback shader 'Universal Render Pipeline/Particles/SimpleLit' not found
Refreshing native plugins compatible for Editor in 0.57 ms, found 1 plugins.
Preloading 0 native plugins for Editor in 0.00 ms.
Unloading 2752 Unused Serialized files (Serialized files now loaded: 0)
System memory in use before: 121.1 MB.
System memory in use after: 118.9 MB.

Unloading 46 unused Assets to reduce memory usage. Loaded Objects now: 3234.
Total: 5.526100 ms (FindLiveObjects: 0.320100 ms CreateObjectMapping: 0.218200 ms MarkObjects: 3.125300 ms  DeleteObjects: 1.861300 ms)

========================================================================
Received Prepare
Registering precompiled user dll's ...
Registered in 0.003408 seconds.
Begin MonoManager ReloadAssembly
Native extension for WindowsStandalone target not found
Refreshing native plugins compatible for Editor in 0.50 ms, found 1 plugins.
Preloading 0 native plugins for Editor in 0.00 ms.
Invoked RoslynAnalysisRunner static constructor.
RoslynAnalysisRunner will not be running.
RoslynAnalysisRunner has terminated.
Mono: successfully reloaded assembly
- Completed reload, in  1.126 seconds
Platform modules already initialized, skipping
Shader 'Universal Render Pipeline/Particles/Lit': fallback shader 'Universal Render Pipeline/Particles/SimpleLit' not found
Shader 'Universal Render Pipeline/Particles/Lit': fallback shader 'Universal Render Pipeline/Particles/SimpleLit' not found
Refreshing native plugins compatible for Editor in 0.63 ms, found 1 plugins.
Preloading 0 native plugins for Editor in 0.00 ms.
Unloading 2752 Unused Serialized files (Serialized files now loaded: 0)
System memory in use before: 121.1 MB.
System memory in use after: 118.9 MB.

Unloading 46 unused Assets to reduce memory usage. Loaded Objects now: 3237.
Total: 4.812200 ms (FindLiveObjects: 0.406200 ms CreateObjectMapping: 0.233300 ms MarkObjects: 2.333200 ms  DeleteObjects: 1.837600 ms)

========================================================================
Received Prepare
Registering precompiled user dll's ...
Registered in 0.003366 seconds.
Begin MonoManager ReloadAssembly
Native extension for WindowsStandalone target not found
Refreshing native plugins compatible for Editor in 0.99 ms, found 1 plugins.
Preloading 0 native plugins for Editor in 0.00 ms.
Invoked RoslynAnalysisRunner static constructor.
RoslynAnalysisRunner will not be running.
RoslynAnalysisRunner has terminated.
Mono: successfully reloaded assembly
- Completed reload, in  1.175 seconds
Platform modules already initialized, skipping
Shader 'Universal Render Pipeline/Particles/Lit': fallback shader 'Universal Render Pipeline/Particles/SimpleLit' not found
Shader 'Universal Render Pipeline/Particles/Lit': fallback shader 'Universal Render Pipeline/Particles/SimpleLit' not found
Refreshing native plugins compatible for Editor in 0.48 ms, found 1 plugins.
Preloading 0 native plugins for Editor in 0.00 ms.
Unloading 2752 Unused Serialized files (Serialized files now loaded: 0)
System memory in use before: 121.1 MB.
System memory in use after: 118.9 MB.

Unloading 46 unused Assets to reduce memory usage. Loaded Objects now: 3240.
Total: 3.937400 ms (FindLiveObjects: 0.492800 ms CreateObjectMapping: 0.189000 ms MarkObjects: 1.887000 ms  DeleteObjects: 1.367200 ms)

========================================================================
Received Prepare
Registering precompiled user dll's ...
Registered in 0.003492 seconds.
Begin MonoManager ReloadAssembly
Native extension for WindowsStandalone target not found
Refreshing native plugins compatible for Editor in 0.53 ms, found 1 plugins.
Preloading 0 native plugins for Editor in 0.00 ms.
Invoked RoslynAnalysisRunner static constructor.
RoslynAnalysisRunner will not be running.
RoslynAnalysisRunner has terminated.
Mono: successfully reloaded assembly
- Completed reload, in  1.324 seconds
Platform modules already initialized, skipping
Shader 'Universal Render Pipeline/Particles/Lit': fallback shader 'Universal Render Pipeline/Particles/SimpleLit' not found
Shader 'Universal Render Pipeline/Particles/Lit': fallback shader 'Universal Render Pipeline/Particles/SimpleLit' not found
Refreshing native plugins compatible for Editor in 0.53 ms, found 1 plugins.
Preloading 0 native plugins for Editor in 0.00 ms.
Unloading 2752 Unused Serialized files (Serialized files now loaded: 0)
System memory in use before: 121.2 MB.
System memory in use after: 118.9 MB.

Unloading 46 unused Assets to reduce memory usage. Loaded Objects now: 3243.
Total: 3.662500 ms (FindLiveObjects: 0.303600 ms CreateObjectMapping: 0.164600 ms MarkObjects: 1.799900 ms  DeleteObjects: 1.393100 ms)

========================================================================
Received Prepare
Registering precompiled user dll's ...
Registered in 0.003485 seconds.
Begin MonoManager ReloadAssembly
Native extension for WindowsStandalone target not found
Refreshing native plugins compatible for Editor in 0.48 ms, found 1 plugins.
Preloading 0 native plugins for Editor in 0.00 ms.
Invoked RoslynAnalysisRunner static constructor.
RoslynAnalysisRunner will not be running.
RoslynAnalysisRunner has terminated.
Mono: successfully reloaded assembly
- Completed reload, in  1.182 seconds
Platform modules already initialized, skipping
Shader 'Universal Render Pipeline/Particles/Lit': fallback shader 'Universal Render Pipeline/Particles/SimpleLit' not found
Shader 'Universal Render Pipeline/Particles/Lit': fallback shader 'Universal Render Pipeline/Particles/SimpleLit' not found
Refreshing native plugins compatible for Editor in 0.49 ms, found 1 plugins.
Preloading 0 native plugins for Editor in 0.00 ms.
Unloading 2752 Unused Serialized files (Serialized files now loaded: 0)
System memory in use before: 121.1 MB.
System memory in use after: 119.0 MB.

Unloading 46 unused Assets to reduce memory usage. Loaded Objects now: 3246.
Total: 4.505900 ms (FindLiveObjects: 0.325100 ms CreateObjectMapping: 0.189700 ms MarkObjects: 2.584000 ms  DeleteObjects: 1.405300 ms)

========================================================================
Received Import Request.
  Time since last request: 1976.827870 seconds.
  path: Assets/OpenCV+Unity/Demo/Face_Detector/FaceDetectorScene.cs
  artifactKey: Guid(3b2b24c14875ff247ba3df65ab97978c) Importer(815301076,1909f56bfc062723c751e8b465ee728b)
Start importing Assets/OpenCV+Unity/Demo/Face_Detector/FaceDetectorScene.cs using Guid(3b2b24c14875ff247ba3df65ab97978c) Importer(815301076,1909f56bfc062723c751e8b465ee728b)  -> (artifact id: 'faa2f37fba9695806ca1b4aa451909e8') in 0.022173 seconds
  Import took 0.026963 seconds .

========================================================================
Received Import Request.
  Time since last request: 30.837928 seconds.
  path: Assets/OpenCV+Unity/Demo/Tracking
  artifactKey: Guid(300ac88ee21edaa42bb2acf1b18de8f7) Importer(815301076,1909f56bfc062723c751e8b465ee728b)
Start importing Assets/OpenCV+Unity/Demo/Tracking using Guid(300ac88ee21edaa42bb2acf1b18de8f7) Importer(815301076,1909f56bfc062723c751e8b465ee728b)  -> (artifact id: '41541eacd7859089e14a221fa4192947') in 0.004896 seconds
  Import took 0.009357 seconds .

========================================================================
Received Import Request.
  Time since last request: 3.145735 seconds.
  path: Assets/OpenCV+Unity/Demo/Marker_Detector
  artifactKey: Guid(d2ec01d2766fcaf47b762b1206dc44a4) Importer(815301076,1909f56bfc062723c751e8b465ee728b)
Start importing Assets/OpenCV+Unity/Demo/Marker_Detector using Guid(d2ec01d2766fcaf47b762b1206dc44a4) Importer(815301076,1909f56bfc062723c751e8b465ee728b)  -> (artifact id: 'c55adcd02edca9f50089347ee104d793') in 0.003881 seconds
  Import took 0.008743 seconds .

========================================================================
Received Import Request.
  Time since last request: 3.599006 seconds.
  path: Assets/OpenCV+Unity/Demo/Marker_Detector/MarkerDetectorScene.unity
  artifactKey: Guid(1d83579c4bfab024a80d40e6207c2158) Importer(815301076,1909f56bfc062723c751e8b465ee728b)
Start importing Assets/OpenCV+Unity/Demo/Marker_Detector/MarkerDetectorScene.unity using Guid(1d83579c4bfab024a80d40e6207c2158) Importer(815301076,1909f56bfc062723c751e8b465ee728b)  -> (artifact id: '09b6762fe4e45205d34a8dc0179a57fc') in 0.012825 seconds
  Import took 0.017684 seconds .

========================================================================
Received Import Request.
  Time since last request: 27.363219 seconds.
  path: Assets/OpenCV+Unity/Demo/Tracking/TrackingScript.cs
  artifactKey: Guid(d9c127e7c19b22545ad0778c358d5b3d) Importer(815301076,1909f56bfc062723c751e8b465ee728b)
Start importing Assets/OpenCV+Unity/Demo/Tracking/TrackingScript.cs using Guid(d9c127e7c19b22545ad0778c358d5b3d) Importer(815301076,1909f56bfc062723c751e8b465ee728b)  -> (artifact id: '33da3487828024342508af5bab2f7ef4') in 0.003842 seconds
  Import took 0.008566 seconds .

========================================================================
Received Import Request.
  Time since last request: 0.027106 seconds.
  path: Assets/OpenCV+Unity/Demo/Tracking/TrackingScript.cs
  artifactKey: Guid(d9c127e7c19b22545ad0778c358d5b3d) Importer(815301076,1909f56bfc062723c751e8b465ee728b)
Start importing Assets/OpenCV+Unity/Demo/Tracking/TrackingScript.cs using Guid(d9c127e7c19b22545ad0778c358d5b3d) Importer(815301076,1909f56bfc062723c751e8b465ee728b)  -> (artifact id: '33da3487828024342508af5bab2f7ef4') in 0.005057 seconds
  Import took 0.010317 seconds .

========================================================================
Received Prepare
Registering precompiled user dll's ...
Registered in 0.004477 seconds.
Begin MonoManager ReloadAssembly
Native extension for WindowsStandalone target not found
Refreshing native plugins compatible for Editor in 0.50 ms, found 1 plugins.
Preloading 0 native plugins for Editor in 0.00 ms.
Invoked RoslynAnalysisRunner static constructor.
RoslynAnalysisRunner will not be running.
RoslynAnalysisRunner has terminated.
Mono: successfully reloaded assembly
- Completed reload, in  1.147 seconds
Platform modules already initialized, skipping
Shader 'Universal Render Pipeline/Particles/Lit': fallback shader 'Universal Render Pipeline/Particles/SimpleLit' not found
Shader 'Universal Render Pipeline/Particles/Lit': fallback shader 'Universal Render Pipeline/Particles/SimpleLit' not found
Refreshing native plugins compatible for Editor in 0.51 ms, found 1 plugins.
Preloading 0 native plugins for Editor in 0.00 ms.
Unloading 2752 Unused Serialized files (Serialized files now loaded: 0)
System memory in use before: 121.1 MB.
System memory in use after: 119.0 MB.

Unloading 46 unused Assets to reduce memory usage. Loaded Objects now: 3249.
Total: 3.566100 ms (FindLiveObjects: 0.270500 ms CreateObjectMapping: 0.140600 ms MarkObjects: 1.745700 ms  DeleteObjects: 1.408400 ms)

========================================================================
Received Prepare
Registering precompiled user dll's ...
Registered in 0.004041 seconds.
Begin MonoManager ReloadAssembly
Native extension for WindowsStandalone target not found
Refreshing native plugins compatible for Editor in 0.82 ms, found 1 plugins.
Preloading 0 native plugins for Editor in 0.00 ms.
Invoked RoslynAnalysisRunner static constructor.
RoslynAnalysisRunner will not be running.
RoslynAnalysisRunner has terminated.
Mono: successfully reloaded assembly
- Completed reload, in  1.357 seconds
Platform modules already initialized, skipping
Shader 'Universal Render Pipeline/Particles/Lit': fallback shader 'Universal Render Pipeline/Particles/SimpleLit' not found
Shader 'Universal Render Pipeline/Particles/Lit': fallback shader 'Universal Render Pipeline/Particles/SimpleLit' not found
Refreshing native plugins compatible for Editor in 0.57 ms, found 1 plugins.
Preloading 0 native plugins for Editor in 0.00 ms.
Unloading 2752 Unused Serialized files (Serialized files now loaded: 0)
System memory in use before: 121.2 MB.
System memory in use after: 119.0 MB.

Unloading 46 unused Assets to reduce memory usage. Loaded Objects now: 3252.
Total: 5.510500 ms (FindLiveObjects: 0.286000 ms CreateObjectMapping: 0.152700 ms MarkObjects: 2.391400 ms  DeleteObjects: 2.675800 ms)

========================================================================
Received Import Request.
  Time since last request: 137.251691 seconds.
  path: Assets/Scenes/SampleScene.unity
  artifactKey: Guid(d1c3109bdb54ad54c8a2b2838528e640) Importer(815301076,1909f56bfc062723c751e8b465ee728b)
Start importing Assets/Scenes/SampleScene.unity using Guid(d1c3109bdb54ad54c8a2b2838528e640) Importer(815301076,1909f56bfc062723c751e8b465ee728b)  -> (artifact id: 'cc2e71227f598cbfe07ba6fb30ea725e') in 0.013068 seconds
  Import took 0.018472 seconds .

========================================================================
Received Import Request.
  Time since last request: 14.181514 seconds.
  path: Assets/Scenes/FaceTrack.unity
  artifactKey: Guid(5cabb8a1861ae104b81ab46e82db9837) Importer(815301076,1909f56bfc062723c751e8b465ee728b)
Start importing Assets/Scenes/FaceTrack.unity using Guid(5cabb8a1861ae104b81ab46e82db9837) Importer(815301076,1909f56bfc062723c751e8b465ee728b)  -> (artifact id: '914097c90e1daec9af16c1dc2fb2360a') in 0.005041 seconds
  Import took 0.012045 seconds .

========================================================================
Received Import Request.
  Time since last request: 0.011789 seconds.
  path: Assets/Scenes/FaceTrack.unity
  artifactKey: Guid(5cabb8a1861ae104b81ab46e82db9837) Importer(815301076,1909f56bfc062723c751e8b465ee728b)
Start importing Assets/Scenes/FaceTrack.unity using Guid(5cabb8a1861ae104b81ab46e82db9837) Importer(815301076,1909f56bfc062723c751e8b465ee728b)  -> (artifact id: '914097c90e1daec9af16c1dc2fb2360a') in 0.004717 seconds
  Import took 0.010803 seconds .

========================================================================
Received Import Request.
  Time since last request: 287.403720 seconds.
  path: Assets/OpenCV+Unity/Demo/Face_Detector/haarcascade_eye.xml
  artifactKey: Guid(a1203bc8d0ab3b5469c52993e6874d7a) Importer(815301076,1909f56bfc062723c751e8b465ee728b)
Start importing Assets/OpenCV+Unity/Demo/Face_Detector/haarcascade_eye.xml using Guid(a1203bc8d0ab3b5469c52993e6874d7a) Importer(815301076,1909f56bfc062723c751e8b465ee728b)  -> (artifact id: 'fa35e364bfa22b2427ba8c4b52074b55') in 0.104156 seconds
  Import took 0.109602 seconds .

========================================================================
Received Import Request.
  Time since last request: 0.000357 seconds.
  path: Assets/OpenCV+Unity/Demo/Face_Detector/haarcascade_eye.xml
  artifactKey: Guid(a1203bc8d0ab3b5469c52993e6874d7a) Importer(815301076,1909f56bfc062723c751e8b465ee728b)
Start importing Assets/OpenCV+Unity/Demo/Face_Detector/haarcascade_eye.xml using Guid(a1203bc8d0ab3b5469c52993e6874d7a) Importer(815301076,1909f56bfc062723c751e8b465ee728b)  -> (artifact id: 'fa35e364bfa22b2427ba8c4b52074b55') in 0.004829 seconds
  Import took 0.010073 seconds .

========================================================================
Received Import Request.
  Time since last request: 2.338827 seconds.
  path: Assets/OpenCV+Unity/Demo/Face_Detector/haarcascade_eye_tree_eyeglasses.xml
  artifactKey: Guid(5880683f2802fe94cb2282fe93dc26b1) Importer(815301076,1909f56bfc062723c751e8b465ee728b)
Start importing Assets/OpenCV+Unity/Demo/Face_Detector/haarcascade_eye_tree_eyeglasses.xml using Guid(5880683f2802fe94cb2282fe93dc26b1) Importer(815301076,1909f56bfc062723c751e8b465ee728b)  -> (artifact id: '1c36eae870855f7ba0d0c437de732986') in 0.005422 seconds
  Import took 0.009630 seconds .

========================================================================
Received Import Request.
  Time since last request: 0.731138 seconds.
  path: Assets/OpenCV+Unity/Demo/Face_Detector/haarcascade_frontalface_default.xml
  artifactKey: Guid(6b25a0e0227666d40b282be78b80780c) Importer(815301076,1909f56bfc062723c751e8b465ee728b)
Start importing Assets/OpenCV+Unity/Demo/Face_Detector/haarcascade_frontalface_default.xml using Guid(6b25a0e0227666d40b282be78b80780c) Importer(815301076,1909f56bfc062723c751e8b465ee728b)  -> (artifact id: 'c4f35544980c36dd084a922bdfa32fd0') in 0.005517 seconds
  Import took 0.010003 seconds .

========================================================================
Received Import Request.
  Time since last request: 48.857473 seconds.
  path: Assets/Scripts
  artifactKey: Guid(02a3527b6b33a924e8ec66aa805ea717) Importer(815301076,1909f56bfc062723c751e8b465ee728b)
Start importing Assets/Scripts using Guid(02a3527b6b33a924e8ec66aa805ea717) Importer(815301076,1909f56bfc062723c751e8b465ee728b)  -> (artifact id: '587525caa5c968eb500583c6c87fd323') in 0.004955 seconds
  Import took 0.038276 seconds .

========================================================================
Received Import Request.
  Time since last request: 3.083729 seconds.
  path: Assets/Scripts/SimpleCameraController.cs
  artifactKey: Guid(be76e5f14cfee674cb30b491fb72b09b) Importer(815301076,1909f56bfc062723c751e8b465ee728b)
Start importing Assets/Scripts/SimpleCameraController.cs using Guid(be76e5f14cfee674cb30b491fb72b09b) Importer(815301076,1909f56bfc062723c751e8b465ee728b)  -> (artifact id: '5714ff8672c7253c28595b992cdf320d') in 0.003599 seconds
  Import took 0.008586 seconds .

========================================================================
Received Import Request.
  Time since last request: 0.001000 seconds.
  path: Assets/Scripts/SimpleCameraController.cs
  artifactKey: Guid(be76e5f14cfee674cb30b491fb72b09b) Importer(815301076,1909f56bfc062723c751e8b465ee728b)
Start importing Assets/Scripts/SimpleCameraController.cs using Guid(be76e5f14cfee674cb30b491fb72b09b) Importer(815301076,1909f56bfc062723c751e8b465ee728b)  -> (artifact id: '5714ff8672c7253c28595b992cdf320d') in 0.004971 seconds
  Import took 0.009692 seconds .

========================================================================
Received Import Request.
  Time since last request: 8.790275 seconds.
  path: Assets
  artifactKey: Guid(00000000000000001000000000000000) Importer(815301076,1909f56bfc062723c751e8b465ee728b)
Start importing Assets using Guid(00000000000000001000000000000000) Importer(815301076,1909f56bfc062723c751e8b465ee728b)  -> (artifact id: 'f89434ac489deb914593f829e0a47671') in 0.007396 seconds
  Import took 0.016669 seconds .

========================================================================
Received Import Request.
  Time since last request: 24.228639 seconds.
  path: Assets/Ricarda
  artifactKey: Guid(40cde13b950e8eb4fb723ea1b1f6f347) Importer(815301076,1909f56bfc062723c751e8b465ee728b)
Start importing Assets/Ricarda using Guid(40cde13b950e8eb4fb723ea1b1f6f347) Importer(815301076,1909f56bfc062723c751e8b465ee728b)  -> (artifact id: 'd5ee4d7d9458195d0cef76d24ece5503') in 0.004484 seconds
  Import took 0.010384 seconds .

========================================================================
Received Import Request.
  Time since last request: 51.096084 seconds.
  path: Assets/Ricarda/FaceDetect.cs
  artifactKey: Guid(c367594b95ef2ce4ea3968e3198576e3) Importer(815301076,1909f56bfc062723c751e8b465ee728b)
Start importing Assets/Ricarda/FaceDetect.cs using Guid(c367594b95ef2ce4ea3968e3198576e3) Importer(815301076,1909f56bfc062723c751e8b465ee728b)  -> (artifact id: '531470e57acee56b4a9268e579297368') in 0.004761 seconds
  Import took 0.021951 seconds .

========================================================================
Received Prepare
Registering precompiled user dll's ...
Registered in 0.004230 seconds.
Begin MonoManager ReloadAssembly
Native extension for WindowsStandalone target not found
Refreshing native plugins compatible for Editor in 0.77 ms, found 1 plugins.
Preloading 0 native plugins for Editor in 0.00 ms.
Invoked RoslynAnalysisRunner static constructor.
RoslynAnalysisRunner will not be running.
RoslynAnalysisRunner has terminated.
Mono: successfully reloaded assembly
- Completed reload, in  1.096 seconds
Platform modules already initialized, skipping
Shader 'Universal Render Pipeline/Particles/Lit': fallback shader 'Universal Render Pipeline/Particles/SimpleLit' not found
Shader 'Universal Render Pipeline/Particles/Lit': fallback shader 'Universal Render Pipeline/Particles/SimpleLit' not found
Refreshing native plugins compatible for Editor in 0.49 ms, found 1 plugins.
Preloading 0 native plugins for Editor in 0.00 ms.
Unloading 2753 Unused Serialized files (Serialized files now loaded: 0)
System memory in use before: 121.2 MB.
System memory in use after: 119.0 MB.

Unloading 46 unused Assets to reduce memory usage. Loaded Objects now: 3256.
Total: 3.738800 ms (FindLiveObjects: 0.330500 ms CreateObjectMapping: 0.155000 ms MarkObjects: 1.846700 ms  DeleteObjects: 1.405100 ms)

========================================================================
Received Prepare
Registering precompiled user dll's ...
Registered in 0.006230 seconds.
Begin MonoManager ReloadAssembly
Native extension for WindowsStandalone target not found
Refreshing native plugins compatible for Editor in 0.59 ms, found 1 plugins.
Preloading 0 native plugins for Editor in 0.00 ms.
Invoked RoslynAnalysisRunner static constructor.
RoslynAnalysisRunner will not be running.
RoslynAnalysisRunner has terminated.
Mono: successfully reloaded assembly
- Completed reload, in  1.438 seconds
Platform modules already initialized, skipping
Shader 'Universal Render Pipeline/Particles/Lit': fallback shader 'Universal Render Pipeline/Particles/SimpleLit' not found
Shader 'Universal Render Pipeline/Particles/Lit': fallback shader 'Universal Render Pipeline/Particles/SimpleLit' not found
Refreshing native plugins compatible for Editor in 0.49 ms, found 1 plugins.
Preloading 0 native plugins for Editor in 0.00 ms.
Unloading 2753 Unused Serialized files (Serialized files now loaded: 0)
System memory in use before: 121.2 MB.
System memory in use after: 119.0 MB.

Unloading 46 unused Assets to reduce memory usage. Loaded Objects now: 3259.
Total: 3.986700 ms (FindLiveObjects: 0.557500 ms CreateObjectMapping: 0.253000 ms MarkObjects: 1.735100 ms  DeleteObjects: 1.439800 ms)

========================================================================
Received Import Request.
  Time since last request: 122.715009 seconds.
  path: Assets/Ricarda/FaceDetect.cs
  artifactKey: Guid(c367594b95ef2ce4ea3968e3198576e3) Importer(815301076,1909f56bfc062723c751e8b465ee728b)
Start importing Assets/Ricarda/FaceDetect.cs using Guid(c367594b95ef2ce4ea3968e3198576e3) Importer(815301076,1909f56bfc062723c751e8b465ee728b)  -> (artifact id: '7912b3db9123f784417f8a82418b8539') in 0.008322 seconds
  Import took 0.014856 seconds .

========================================================================
Received Prepare
Registering precompiled user dll's ...
Registered in 0.003366 seconds.
Begin MonoManager ReloadAssembly
Native extension for WindowsStandalone target not found
Refreshing native plugins compatible for Editor in 0.47 ms, found 1 plugins.
Preloading 0 native plugins for Editor in 0.00 ms.
Invoked RoslynAnalysisRunner static constructor.
RoslynAnalysisRunner will not be running.
RoslynAnalysisRunner has terminated.
Mono: successfully reloaded assembly
- Completed reload, in  1.278 seconds
Platform modules already initialized, skipping
Shader 'Universal Render Pipeline/Particles/Lit': fallback shader 'Universal Render Pipeline/Particles/SimpleLit' not found
Shader 'Universal Render Pipeline/Particles/Lit': fallback shader 'Universal Render Pipeline/Particles/SimpleLit' not found
Refreshing native plugins compatible for Editor in 0.57 ms, found 1 plugins.
Preloading 0 native plugins for Editor in 0.00 ms.
Unloading 2753 Unused Serialized files (Serialized files now loaded: 0)
System memory in use before: 121.2 MB.
System memory in use after: 119.0 MB.

Unloading 46 unused Assets to reduce memory usage. Loaded Objects now: 3262.
Total: 4.726300 ms (FindLiveObjects: 0.523200 ms CreateObjectMapping: 0.282200 ms MarkObjects: 2.263700 ms  DeleteObjects: 1.655200 ms)

========================================================================
Received Import Request.
  Time since last request: 138.762078 seconds.
  path: Assets/Ricarda/FaceDetect.cs
  artifactKey: Guid(c367594b95ef2ce4ea3968e3198576e3) Importer(815301076,1909f56bfc062723c751e8b465ee728b)
Start importing Assets/Ricarda/FaceDetect.cs using Guid(c367594b95ef2ce4ea3968e3198576e3) Importer(815301076,1909f56bfc062723c751e8b465ee728b)  -> (artifact id: 'e4eafbf8107eeeca427090ec613b9f65') in 0.007275 seconds
  Import took 0.028760 seconds .

========================================================================
Received Prepare
Registering precompiled user dll's ...
Registered in 0.007272 seconds.
Begin MonoManager ReloadAssembly
Native extension for WindowsStandalone target not found
Refreshing native plugins compatible for Editor in 1.06 ms, found 1 plugins.
Preloading 0 native plugins for Editor in 0.00 ms.
Invoked RoslynAnalysisRunner static constructor.
RoslynAnalysisRunner will not be running.
RoslynAnalysisRunner has terminated.
Mono: successfully reloaded assembly
- Completed reload, in  1.072 seconds
Platform modules already initialized, skipping
Shader 'Universal Render Pipeline/Particles/Lit': fallback shader 'Universal Render Pipeline/Particles/SimpleLit' not found
Shader 'Universal Render Pipeline/Particles/Lit': fallback shader 'Universal Render Pipeline/Particles/SimpleLit' not found
Refreshing native plugins compatible for Editor in 0.51 ms, found 1 plugins.
Preloading 0 native plugins for Editor in 0.00 ms.
Unloading 2753 Unused Serialized files (Serialized files now loaded: 0)
System memory in use before: 121.2 MB.
System memory in use after: 119.0 MB.

Unloading 46 unused Assets to reduce memory usage. Loaded Objects now: 3265.
Total: 3.957700 ms (FindLiveObjects: 0.320900 ms CreateObjectMapping: 0.143000 ms MarkObjects: 1.846000 ms  DeleteObjects: 1.646700 ms)

========================================================================
Received Prepare
Registering precompiled user dll's ...
Registered in 0.004781 seconds.
Begin MonoManager ReloadAssembly
Native extension for WindowsStandalone target not found
Refreshing native plugins compatible for Editor in 0.53 ms, found 1 plugins.
Preloading 0 native plugins for Editor in 0.00 ms.
Invoked RoslynAnalysisRunner static constructor.
RoslynAnalysisRunner will not be running.
RoslynAnalysisRunner has terminated.
Mono: successfully reloaded assembly
- Completed reload, in  1.091 seconds
Platform modules already initialized, skipping
Shader 'Universal Render Pipeline/Particles/Lit': fallback shader 'Universal Render Pipeline/Particles/SimpleLit' not found
Shader 'Universal Render Pipeline/Particles/Lit': fallback shader 'Universal Render Pipeline/Particles/SimpleLit' not found
Refreshing native plugins compatible for Editor in 1.54 ms, found 1 plugins.
Preloading 0 native plugins for Editor in 0.00 ms.
Unloading 2753 Unused Serialized files (Serialized files now loaded: 0)
System memory in use before: 121.3 MB.
System memory in use after: 119.0 MB.

Unloading 46 unused Assets to reduce memory usage. Loaded Objects now: 3268.
Total: 6.608900 ms (FindLiveObjects: 0.487300 ms CreateObjectMapping: 0.290100 ms MarkObjects: 3.162200 ms  DeleteObjects: 2.667300 ms)

========================================================================
Received Prepare
Registering precompiled user dll's ...
Registered in 0.004383 seconds.
Begin MonoManager ReloadAssembly
Native extension for WindowsStandalone target not found
Refreshing native plugins compatible for Editor in 0.89 ms, found 1 plugins.
Preloading 0 native plugins for Editor in 0.00 ms.
Invoked RoslynAnalysisRunner static constructor.
RoslynAnalysisRunner will not be running.
RoslynAnalysisRunner has terminated.
Mono: successfully reloaded assembly
- Completed reload, in  1.432 seconds
Platform modules already initialized, skipping
Shader 'Universal Render Pipeline/Particles/Lit': fallback shader 'Universal Render Pipeline/Particles/SimpleLit' not found
Shader 'Universal Render Pipeline/Particles/Lit': fallback shader 'Universal Render Pipeline/Particles/SimpleLit' not found
Refreshing native plugins compatible for Editor in 0.46 ms, found 1 plugins.
Preloading 0 native plugins for Editor in 0.00 ms.
Unloading 2753 Unused Serialized files (Serialized files now loaded: 0)
System memory in use before: 121.2 MB.
System memory in use after: 119.1 MB.

Unloading 46 unused Assets to reduce memory usage. Loaded Objects now: 3271.
Total: 3.734700 ms (FindLiveObjects: 0.322300 ms CreateObjectMapping: 0.167500 ms MarkObjects: 1.830300 ms  DeleteObjects: 1.412900 ms)

========================================================================
Received Import Request.
  Time since last request: 3857.537669 seconds.
  path: Assets/Ricarda/FaceDetect.cs
  artifactKey: Guid(c367594b95ef2ce4ea3968e3198576e3) Importer(815301076,1909f56bfc062723c751e8b465ee728b)
Start importing Assets/Ricarda/FaceDetect.cs using Guid(c367594b95ef2ce4ea3968e3198576e3) Importer(815301076,1909f56bfc062723c751e8b465ee728b)  -> (artifact id: 'dce8c03d5466a4bf73bcc430346318c3') in 0.006062 seconds
  Import took 0.034030 seconds .

========================================================================
Received Prepare
Registering precompiled user dll's ...
Registered in 0.003722 seconds.
Begin MonoManager ReloadAssembly
Native extension for WindowsStandalone target not found
Refreshing native plugins compatible for Editor in 1.29 ms, found 1 plugins.
Preloading 0 native plugins for Editor in 0.00 ms.
Invoked RoslynAnalysisRunner static constructor.
RoslynAnalysisRunner will not be running.
RoslynAnalysisRunner has terminated.
Mono: successfully reloaded assembly
- Completed reload, in  1.333 seconds
Platform modules already initialized, skipping
Shader 'Universal Render Pipeline/Particles/Lit': fallback shader 'Universal Render Pipeline/Particles/SimpleLit' not found
Shader 'Universal Render Pipeline/Particles/Lit': fallback shader 'Universal Render Pipeline/Particles/SimpleLit' not found
Refreshing native plugins compatible for Editor in 0.49 ms, found 1 plugins.
Preloading 0 native plugins for Editor in 0.00 ms.
Unloading 2753 Unused Serialized files (Serialized files now loaded: 0)
System memory in use before: 121.3 MB.
System memory in use after: 119.1 MB.

Unloading 46 unused Assets to reduce memory usage. Loaded Objects now: 3274.
Total: 4.958600 ms (FindLiveObjects: 0.475400 ms CreateObjectMapping: 0.202500 ms MarkObjects: 2.730200 ms  DeleteObjects: 1.548900 ms)

========================================================================
Received Prepare
Registering precompiled user dll's ...
Registered in 0.003426 seconds.
Begin MonoManager ReloadAssembly
Native extension for WindowsStandalone target not found
Refreshing native plugins compatible for Editor in 0.49 ms, found 1 plugins.
Preloading 0 native plugins for Editor in 0.00 ms.
Invoked RoslynAnalysisRunner static constructor.
RoslynAnalysisRunner will not be running.
RoslynAnalysisRunner has terminated.
Mono: successfully reloaded assembly
- Completed reload, in  1.222 seconds
Platform modules already initialized, skipping
Shader 'Universal Render Pipeline/Particles/Lit': fallback shader 'Universal Render Pipeline/Particles/SimpleLit' not found
Shader 'Universal Render Pipeline/Particles/Lit': fallback shader 'Universal Render Pipeline/Particles/SimpleLit' not found
Refreshing native plugins compatible for Editor in 0.54 ms, found 1 plugins.
Preloading 0 native plugins for Editor in 0.00 ms.
Unloading 2753 Unused Serialized files (Serialized files now loaded: 0)
System memory in use before: 121.3 MB.
System memory in use after: 119.1 MB.

Unloading 46 unused Assets to reduce memory usage. Loaded Objects now: 3277.
Total: 3.577200 ms (FindLiveObjects: 0.322000 ms CreateObjectMapping: 0.153000 ms MarkObjects: 1.684900 ms  DeleteObjects: 1.416200 ms)

========================================================================
Received Prepare
Registering precompiled user dll's ...
Registered in 0.003523 seconds.
Begin MonoManager ReloadAssembly
Native extension for WindowsStandalone target not found
Refreshing native plugins compatible for Editor in 0.46 ms, found 1 plugins.
Preloading 0 native plugins for Editor in 0.00 ms.
Invoked RoslynAnalysisRunner static constructor.
RoslynAnalysisRunner will not be running.
RoslynAnalysisRunner has terminated.
Mono: successfully reloaded assembly
- Completed reload, in  1.195 seconds
Platform modules already initialized, skipping
Shader 'Universal Render Pipeline/Particles/Lit': fallback shader 'Universal Render Pipeline/Particles/SimpleLit' not found
Shader 'Universal Render Pipeline/Particles/Lit': fallback shader 'Universal Render Pipeline/Particles/SimpleLit' not found
Refreshing native plugins compatible for Editor in 0.48 ms, found 1 plugins.
Preloading 0 native plugins for Editor in 0.00 ms.
Unloading 2753 Unused Serialized files (Serialized files now loaded: 0)
System memory in use before: 121.3 MB.
System memory in use after: 119.1 MB.

Unloading 46 unused Assets to reduce memory usage. Loaded Objects now: 3280.
Total: 4.043400 ms (FindLiveObjects: 0.341700 ms CreateObjectMapping: 0.146300 ms MarkObjects: 1.974800 ms  DeleteObjects: 1.578400 ms)

========================================================================
Received Prepare
Registering precompiled user dll's ...
Registered in 0.004411 seconds.
Begin MonoManager ReloadAssembly
Native extension for WindowsStandalone target not found
Refreshing native plugins compatible for Editor in 0.50 ms, found 1 plugins.
Preloading 0 native plugins for Editor in 0.00 ms.
Invoked RoslynAnalysisRunner static constructor.
RoslynAnalysisRunner will not be running.
RoslynAnalysisRunner has terminated.
Mono: successfully reloaded assembly
- Completed reload, in  1.176 seconds
Platform modules already initialized, skipping
Shader 'Universal Render Pipeline/Particles/Lit': fallback shader 'Universal Render Pipeline/Particles/SimpleLit' not found
Shader 'Universal Render Pipeline/Particles/Lit': fallback shader 'Universal Render Pipeline/Particles/SimpleLit' not found
Refreshing native plugins compatible for Editor in 0.49 ms, found 1 plugins.
Preloading 0 native plugins for Editor in 0.00 ms.
Unloading 2753 Unused Serialized files (Serialized files now loaded: 0)
System memory in use before: 121.3 MB.
System memory in use after: 119.1 MB.

Unloading 46 unused Assets to reduce memory usage. Loaded Objects now: 3283.
Total: 5.856500 ms (FindLiveObjects: 0.496300 ms CreateObjectMapping: 0.387000 ms MarkObjects: 2.932400 ms  DeleteObjects: 2.039500 ms)

========================================================================
Received Prepare
Registering precompiled user dll's ...
Registered in 0.003450 seconds.
Begin MonoManager ReloadAssembly
Native extension for WindowsStandalone target not found
Refreshing native plugins compatible for Editor in 0.74 ms, found 1 plugins.
Preloading 0 native plugins for Editor in 0.00 ms.
Invoked RoslynAnalysisRunner static constructor.
RoslynAnalysisRunner will not be running.
RoslynAnalysisRunner has terminated.
Mono: successfully reloaded assembly
- Completed reload, in  1.170 seconds
Platform modules already initialized, skipping
Shader 'Universal Render Pipeline/Particles/Lit': fallback shader 'Universal Render Pipeline/Particles/SimpleLit' not found
Shader 'Universal Render Pipeline/Particles/Lit': fallback shader 'Universal Render Pipeline/Particles/SimpleLit' not found
Refreshing native plugins compatible for Editor in 0.49 ms, found 1 plugins.
Preloading 0 native plugins for Editor in 0.00 ms.
Unloading 2753 Unused Serialized files (Serialized files now loaded: 0)
System memory in use before: 121.3 MB.
System memory in use after: 119.1 MB.

Unloading 46 unused Assets to reduce memory usage. Loaded Objects now: 3286.
Total: 6.003300 ms (FindLiveObjects: 0.367200 ms CreateObjectMapping: 0.202400 ms MarkObjects: 3.011500 ms  DeleteObjects: 2.420800 ms)

========================================================================
Received Prepare
Registering precompiled user dll's ...
Registered in 0.003459 seconds.
Begin MonoManager ReloadAssembly
Native extension for WindowsStandalone target not found
Refreshing native plugins compatible for Editor in 1.14 ms, found 1 plugins.
Preloading 0 native plugins for Editor in 0.00 ms.
Invoked RoslynAnalysisRunner static constructor.
RoslynAnalysisRunner will not be running.
RoslynAnalysisRunner has terminated.
Mono: successfully reloaded assembly
- Completed reload, in  1.789 seconds
Platform modules already initialized, skipping
Shader 'Universal Render Pipeline/Particles/Lit': fallback shader 'Universal Render Pipeline/Particles/SimpleLit' not found
Shader 'Universal Render Pipeline/Particles/Lit': fallback shader 'Universal Render Pipeline/Particles/SimpleLit' not found
Refreshing native plugins compatible for Editor in 0.48 ms, found 1 plugins.
Preloading 0 native plugins for Editor in 0.00 ms.
Unloading 2753 Unused Serialized files (Serialized files now loaded: 0)
System memory in use before: 121.3 MB.
System memory in use after: 119.1 MB.

Unloading 46 unused Assets to reduce memory usage. Loaded Objects now: 3289.
Total: 4.509500 ms (FindLiveObjects: 0.475000 ms CreateObjectMapping: 0.144600 ms MarkObjects: 2.422300 ms  DeleteObjects: 1.466400 ms)

========================================================================
Received Import Request.
  Time since last request: 4929.077479 seconds.
  path: Assets/OpenCV+Unity/Assets/Scripts
  artifactKey: Guid(23a586f0a97bc01468eb38ab80d13430) Importer(815301076,1909f56bfc062723c751e8b465ee728b)
Start importing Assets/OpenCV+Unity/Assets/Scripts using Guid(23a586f0a97bc01468eb38ab80d13430) Importer(815301076,1909f56bfc062723c751e8b465ee728b)  -> (artifact id: '36726c4c205e02e980d899b06d287609') in 0.025091 seconds
  Import took 0.053496 seconds .

========================================================================
Received Import Request.
  Time since last request: 1.970939 seconds.
  path: Assets/OpenCV+Unity/Assets/Scripts/OpenCvSharp
  artifactKey: Guid(19449c7bc355f9343bc161253729c7b0) Importer(815301076,1909f56bfc062723c751e8b465ee728b)
Start importing Assets/OpenCV+Unity/Assets/Scripts/OpenCvSharp using Guid(19449c7bc355f9343bc161253729c7b0) Importer(815301076,1909f56bfc062723c751e8b465ee728b)  -> (artifact id: 'e18fb760be2708668d5d854b15325a02') in 0.003750 seconds
  Import took 0.028140 seconds .

========================================================================
Received Import Request.
  Time since last request: 90.929917 seconds.
  path: Assets/OpenCV+Unity/Assets/Scripts/DLib/ShapePredictor.cs
  artifactKey: Guid(06654f61d1237574fb52e79e300807e1) Importer(815301076,1909f56bfc062723c751e8b465ee728b)
Start importing Assets/OpenCV+Unity/Assets/Scripts/DLib/ShapePredictor.cs using Guid(06654f61d1237574fb52e79e300807e1) Importer(815301076,1909f56bfc062723c751e8b465ee728b)  -> (artifact id: '9b196ceb7f7b7a499eca18787b904c88') in 0.003990 seconds
  Import took 0.033468 seconds .

========================================================================
Received Import Request.
  Time since last request: 2.374353 seconds.
  path: Assets/OpenCV+Unity/Assets/Scripts/DLib/PInvoke
  artifactKey: Guid(f8b23f0f8950a314591e6f7394fed8c6) Importer(815301076,1909f56bfc062723c751e8b465ee728b)
Start importing Assets/OpenCV+Unity/Assets/Scripts/DLib/PInvoke using Guid(f8b23f0f8950a314591e6f7394fed8c6) Importer(815301076,1909f56bfc062723c751e8b465ee728b)  -> (artifact id: '3a45cabef395c0bcee808b59c1e37a05') in 0.003701 seconds
  Import took 0.024041 seconds .

========================================================================
Received Import Request.
  Time since last request: 6.435442 seconds.
  path: Assets/OpenCV+Unity/Demo/Face_Recognizer/oscar-selfie-original.jpg
  artifactKey: Guid(0472dd3b4e82abd4c80eaf29a1b1c1a5) Importer(815301076,1909f56bfc062723c751e8b465ee728b)
Start importing Assets/OpenCV+Unity/Demo/Face_Recognizer/oscar-selfie-original.jpg using Guid(0472dd3b4e82abd4c80eaf29a1b1c1a5) Importer(815301076,1909f56bfc062723c751e8b465ee728b)  -> (artifact id: 'ad542b48a34822fc9b3b1bc8c680da49') in 0.461695 seconds
  Import took 0.504358 seconds .

========================================================================
Received Import Request.
  Time since last request: 52.764437 seconds.
  path: Assets/Ricarda/haarcascade_frontalface_default.xml
  artifactKey: Guid(48039dc7a7c86d448bfb389ec2a93727) Importer(815301076,1909f56bfc062723c751e8b465ee728b)
Start importing Assets/Ricarda/haarcascade_frontalface_default.xml using Guid(48039dc7a7c86d448bfb389ec2a93727) Importer(815301076,1909f56bfc062723c751e8b465ee728b)  -> (artifact id: 'd8ae466654701df2c00543412bbf9932') in 0.005073 seconds
  Import took 0.017908 seconds .

========================================================================
Received Import Request.
  Time since last request: 0.000725 seconds.
  path: Assets/Ricarda/haarcascade_frontalface_default.xml
  artifactKey: Guid(48039dc7a7c86d448bfb389ec2a93727) Importer(815301076,1909f56bfc062723c751e8b465ee728b)
Start importing Assets/Ricarda/haarcascade_frontalface_default.xml using Guid(48039dc7a7c86d448bfb389ec2a93727) Importer(815301076,1909f56bfc062723c751e8b465ee728b)  -> (artifact id: 'd8ae466654701df2c00543412bbf9932') in 0.004751 seconds
  Import took 0.010423 seconds .

========================================================================
Received Prepare
Registering precompiled user dll's ...
Registered in 0.003347 seconds.
Begin MonoManager ReloadAssembly
Native extension for WindowsStandalone target not found
Refreshing native plugins compatible for Editor in 0.48 ms, found 1 plugins.
Preloading 0 native plugins for Editor in 0.00 ms.
Invoked RoslynAnalysisRunner static constructor.
RoslynAnalysisRunner will not be running.
RoslynAnalysisRunner has terminated.
Mono: successfully reloaded assembly
- Completed reload, in  1.145 seconds
Platform modules already initialized, skipping
Shader 'Universal Render Pipeline/Particles/Lit': fallback shader 'Universal Render Pipeline/Particles/SimpleLit' not found
Shader 'Universal Render Pipeline/Particles/Lit': fallback shader 'Universal Render Pipeline/Particles/SimpleLit' not found
Refreshing native plugins compatible for Editor in 0.57 ms, found 1 plugins.
Preloading 0 native plugins for Editor in 0.00 ms.
Unloading 2753 Unused Serialized files (Serialized files now loaded: 0)
System memory in use before: 121.3 MB.
System memory in use after: 119.1 MB.

Unloading 46 unused Assets to reduce memory usage. Loaded Objects now: 3294.
Total: 4.190800 ms (FindLiveObjects: 0.300000 ms CreateObjectMapping: 0.159500 ms MarkObjects: 2.096300 ms  DeleteObjects: 1.634000 ms)

========================================================================
Received Prepare
Registering precompiled user dll's ...
Registered in 0.003966 seconds.
Begin MonoManager ReloadAssembly
Native extension for WindowsStandalone target not found
Refreshing native plugins compatible for Editor in 1.08 ms, found 1 plugins.
Preloading 0 native plugins for Editor in 0.00 ms.
Invoked RoslynAnalysisRunner static constructor.
RoslynAnalysisRunner will not be running.
RoslynAnalysisRunner has terminated.
Mono: successfully reloaded assembly
- Completed reload, in  1.088 seconds
Platform modules already initialized, skipping
Shader 'Universal Render Pipeline/Particles/Lit': fallback shader 'Universal Render Pipeline/Particles/SimpleLit' not found
Shader 'Universal Render Pipeline/Particles/Lit': fallback shader 'Universal Render Pipeline/Particles/SimpleLit' not found
Refreshing native plugins compatible for Editor in 0.47 ms, found 1 plugins.
Preloading 0 native plugins for Editor in 0.00 ms.
Unloading 2753 Unused Serialized files (Serialized files now loaded: 0)
System memory in use before: 121.3 MB.
System memory in use after: 119.1 MB.

Unloading 46 unused Assets to reduce memory usage. Loaded Objects now: 3297.
Total: 4.974600 ms (FindLiveObjects: 0.480300 ms CreateObjectMapping: 0.199600 ms MarkObjects: 2.778400 ms  DeleteObjects: 1.515100 ms)

========================================================================
Received Prepare
Registering precompiled user dll's ...
Registered in 0.004272 seconds.
Begin MonoManager ReloadAssembly
Native extension for WindowsStandalone target not found
Refreshing native plugins compatible for Editor in 0.66 ms, found 1 plugins.
Preloading 0 native plugins for Editor in 0.00 ms.
Invoked RoslynAnalysisRunner static constructor.
RoslynAnalysisRunner will not be running.
RoslynAnalysisRunner has terminated.
Mono: successfully reloaded assembly
- Completed reload, in  1.233 seconds
Platform modules already initialized, skipping
Shader 'Universal Render Pipeline/Particles/Lit': fallback shader 'Universal Render Pipeline/Particles/SimpleLit' not found
Shader 'Universal Render Pipeline/Particles/Lit': fallback shader 'Universal Render Pipeline/Particles/SimpleLit' not found
Refreshing native plugins compatible for Editor in 0.48 ms, found 1 plugins.
Preloading 0 native plugins for Editor in 0.00 ms.
Unloading 2753 Unused Serialized files (Serialized files now loaded: 0)
System memory in use before: 121.4 MB.
System memory in use after: 119.1 MB.

Unloading 46 unused Assets to reduce memory usage. Loaded Objects now: 3300.
Total: 4.114400 ms (FindLiveObjects: 0.554600 ms CreateObjectMapping: 0.281000 ms MarkObjects: 1.841900 ms  DeleteObjects: 1.435300 ms)

========================================================================
Received Prepare
Registering precompiled user dll's ...
Registered in 0.003516 seconds.
Begin MonoManager ReloadAssembly
Native extension for WindowsStandalone target not found
Refreshing native plugins compatible for Editor in 0.50 ms, found 1 plugins.
Preloading 0 native plugins for Editor in 0.00 ms.
Invoked RoslynAnalysisRunner static constructor.
RoslynAnalysisRunner will not be running.
RoslynAnalysisRunner has terminated.
Mono: successfully reloaded assembly
- Completed reload, in  1.240 seconds
Platform modules already initialized, skipping
Shader 'Universal Render Pipeline/Particles/Lit': fallback shader 'Universal Render Pipeline/Particles/SimpleLit' not found
Shader 'Universal Render Pipeline/Particles/Lit': fallback shader 'Universal Render Pipeline/Particles/SimpleLit' not found
Refreshing native plugins compatible for Editor in 0.47 ms, found 1 plugins.
Preloading 0 native plugins for Editor in 0.00 ms.
Unloading 2753 Unused Serialized files (Serialized files now loaded: 0)
System memory in use before: 121.4 MB.
System memory in use after: 119.1 MB.

Unloading 46 unused Assets to reduce memory usage. Loaded Objects now: 3303.
Total: 3.658800 ms (FindLiveObjects: 0.352300 ms CreateObjectMapping: 0.102700 ms MarkObjects: 1.790700 ms  DeleteObjects: 1.411600 ms)

========================================================================
Received Prepare
Registering precompiled user dll's ...
Registered in 0.003703 seconds.
Begin MonoManager ReloadAssembly
Native extension for WindowsStandalone target not found
Refreshing native plugins compatible for Editor in 0.47 ms, found 1 plugins.
Preloading 0 native plugins for Editor in 0.00 ms.
Invoked RoslynAnalysisRunner static constructor.
RoslynAnalysisRunner will not be running.
RoslynAnalysisRunner has terminated.
Mono: successfully reloaded assembly
- Completed reload, in  1.356 seconds
Platform modules already initialized, skipping
Shader 'Universal Render Pipeline/Particles/Lit': fallback shader 'Universal Render Pipeline/Particles/SimpleLit' not found
Shader 'Universal Render Pipeline/Particles/Lit': fallback shader 'Universal Render Pipeline/Particles/SimpleLit' not found
Refreshing native plugins compatible for Editor in 0.52 ms, found 1 plugins.
Preloading 0 native plugins for Editor in 0.00 ms.
Unloading 2753 Unused Serialized files (Serialized files now loaded: 0)
System memory in use before: 121.3 MB.
System memory in use after: 119.1 MB.

Unloading 46 unused Assets to reduce memory usage. Loaded Objects now: 3306.
Total: 5.144900 ms (FindLiveObjects: 0.455800 ms CreateObjectMapping: 0.190600 ms MarkObjects: 2.816000 ms  DeleteObjects: 1.681200 ms)

========================================================================
Received Prepare
Registering precompiled user dll's ...
Registered in 0.003478 seconds.
Begin MonoManager ReloadAssembly
Native extension for WindowsStandalone target not found
Refreshing native plugins compatible for Editor in 0.48 ms, found 1 plugins.
Preloading 0 native plugins for Editor in 0.00 ms.
Invoked RoslynAnalysisRunner static constructor.
RoslynAnalysisRunner will not be running.
RoslynAnalysisRunner has terminated.
Mono: successfully reloaded assembly
- Completed reload, in  1.075 seconds
Platform modules already initialized, skipping
Shader 'Universal Render Pipeline/Particles/Lit': fallback shader 'Universal Render Pipeline/Particles/SimpleLit' not found
Shader 'Universal Render Pipeline/Particles/Lit': fallback shader 'Universal Render Pipeline/Particles/SimpleLit' not found
Refreshing native plugins compatible for Editor in 0.73 ms, found 1 plugins.
Preloading 0 native plugins for Editor in 0.00 ms.
Unloading 2753 Unused Serialized files (Serialized files now loaded: 0)
System memory in use before: 121.4 MB.
System memory in use after: 119.2 MB.

Unloading 46 unused Assets to reduce memory usage. Loaded Objects now: 3309.
Total: 3.989200 ms (FindLiveObjects: 0.367300 ms CreateObjectMapping: 0.231900 ms MarkObjects: 1.947800 ms  DeleteObjects: 1.437900 ms)

========================================================================
Received Prepare
Registering precompiled user dll's ...
Registered in 0.003405 seconds.
Begin MonoManager ReloadAssembly
Native extension for WindowsStandalone target not found
Refreshing native plugins compatible for Editor in 0.87 ms, found 1 plugins.
Preloading 0 native plugins for Editor in 0.00 ms.
Invoked RoslynAnalysisRunner static constructor.
RoslynAnalysisRunner will not be running.
RoslynAnalysisRunner has terminated.
Mono: successfully reloaded assembly
- Completed reload, in  1.375 seconds
Platform modules already initialized, skipping
Shader 'Universal Render Pipeline/Particles/Lit': fallback shader 'Universal Render Pipeline/Particles/SimpleLit' not found
Shader 'Universal Render Pipeline/Particles/Lit': fallback shader 'Universal Render Pipeline/Particles/SimpleLit' not found
Refreshing native plugins compatible for Editor in 0.52 ms, found 1 plugins.
Preloading 0 native plugins for Editor in 0.00 ms.
Unloading 2753 Unused Serialized files (Serialized files now loaded: 0)
System memory in use before: 121.4 MB.
System memory in use after: 119.2 MB.

Unloading 46 unused Assets to reduce memory usage. Loaded Objects now: 3312.
Total: 4.404100 ms (FindLiveObjects: 0.560300 ms CreateObjectMapping: 0.259000 ms MarkObjects: 2.127300 ms  DeleteObjects: 1.456200 ms)

========================================================================
Received Prepare
Registering precompiled user dll's ...
Registered in 0.003724 seconds.
Begin MonoManager ReloadAssembly
Native extension for WindowsStandalone target not found
Refreshing native plugins compatible for Editor in 0.60 ms, found 1 plugins.
Preloading 0 native plugins for Editor in 0.00 ms.
Invoked RoslynAnalysisRunner static constructor.
RoslynAnalysisRunner will not be running.
RoslynAnalysisRunner has terminated.
Mono: successfully reloaded assembly
- Completed reload, in  1.164 seconds
Platform modules already initialized, skipping
Shader 'Universal Render Pipeline/Particles/Lit': fallback shader 'Universal Render Pipeline/Particles/SimpleLit' not found
Shader 'Universal Render Pipeline/Particles/Lit': fallback shader 'Universal Render Pipeline/Particles/SimpleLit' not found
Refreshing native plugins compatible for Editor in 0.47 ms, found 1 plugins.
Preloading 0 native plugins for Editor in 0.00 ms.
Unloading 2753 Unused Serialized files (Serialized files now loaded: 0)
System memory in use before: 121.4 MB.
System memory in use after: 119.2 MB.

Unloading 46 unused Assets to reduce memory usage. Loaded Objects now: 3315.
Total: 4.109200 ms (FindLiveObjects: 0.358500 ms CreateObjectMapping: 0.126200 ms MarkObjects: 2.073200 ms  DeleteObjects: 1.550100 ms)

========================================================================
Received Prepare
Registering precompiled user dll's ...
Registered in 0.003380 seconds.
Begin MonoManager ReloadAssembly
Native extension for WindowsStandalone target not found
Refreshing native plugins compatible for Editor in 0.56 ms, found 1 plugins.
Preloading 0 native plugins for Editor in 0.00 ms.
Invoked RoslynAnalysisRunner static constructor.
RoslynAnalysisRunner will not be running.
RoslynAnalysisRunner has terminated.
Mono: successfully reloaded assembly
- Completed reload, in  1.128 seconds
Platform modules already initialized, skipping
Shader 'Universal Render Pipeline/Particles/Lit': fallback shader 'Universal Render Pipeline/Particles/SimpleLit' not found
Shader 'Universal Render Pipeline/Particles/Lit': fallback shader 'Universal Render Pipeline/Particles/SimpleLit' not found
Refreshing native plugins compatible for Editor in 0.74 ms, found 1 plugins.
Preloading 0 native plugins for Editor in 0.00 ms.
Unloading 2753 Unused Serialized files (Serialized files now loaded: 0)
System memory in use before: 121.4 MB.
System memory in use after: 119.2 MB.

Unloading 46 unused Assets to reduce memory usage. Loaded Objects now: 3318.
Total: 6.049700 ms (FindLiveObjects: 0.611200 ms CreateObjectMapping: 0.268500 ms MarkObjects: 2.412900 ms  DeleteObjects: 2.755900 ms)

========================================================================
Received Prepare
Registering precompiled user dll's ...
Registered in 0.003440 seconds.
Begin MonoManager ReloadAssembly
Native extension for WindowsStandalone target not found
Refreshing native plugins compatible for Editor in 0.51 ms, found 1 plugins.
Preloading 0 native plugins for Editor in 0.00 ms.
Invoked RoslynAnalysisRunner static constructor.
RoslynAnalysisRunner will not be running.
RoslynAnalysisRunner has terminated.
Mono: successfully reloaded assembly
- Completed reload, in  1.163 seconds
Platform modules already initialized, skipping
Shader 'Universal Render Pipeline/Particles/Lit': fallback shader 'Universal Render Pipeline/Particles/SimpleLit' not found
Shader 'Universal Render Pipeline/Particles/Lit': fallback shader 'Universal Render Pipeline/Particles/SimpleLit' not found
Refreshing native plugins compatible for Editor in 0.53 ms, found 1 plugins.
Preloading 0 native plugins for Editor in 0.00 ms.
Unloading 2753 Unused Serialized files (Serialized files now loaded: 0)
System memory in use before: 121.4 MB.
System memory in use after: 119.2 MB.

Unloading 46 unused Assets to reduce memory usage. Loaded Objects now: 3321.
Total: 4.421900 ms (FindLiveObjects: 0.597400 ms CreateObjectMapping: 0.207800 ms MarkObjects: 2.083100 ms  DeleteObjects: 1.531800 ms)

========================================================================
Received Prepare
Registering precompiled user dll's ...
Registered in 0.003785 seconds.
Begin MonoManager ReloadAssembly
Native extension for WindowsStandalone target not found
Refreshing native plugins compatible for Editor in 0.49 ms, found 1 plugins.
Preloading 0 native plugins for Editor in 0.00 ms.
Invoked RoslynAnalysisRunner static constructor.
RoslynAnalysisRunner will not be running.
RoslynAnalysisRunner has terminated.
Mono: successfully reloaded assembly
- Completed reload, in  1.155 seconds
Platform modules already initialized, skipping
Shader 'Universal Render Pipeline/Particles/Lit': fallback shader 'Universal Render Pipeline/Particles/SimpleLit' not found
Shader 'Universal Render Pipeline/Particles/Lit': fallback shader 'Universal Render Pipeline/Particles/SimpleLit' not found
Refreshing native plugins compatible for Editor in 0.51 ms, found 1 plugins.
Preloading 0 native plugins for Editor in 0.00 ms.
Unloading 2753 Unused Serialized files (Serialized files now loaded: 0)
System memory in use before: 121.4 MB.
System memory in use after: 119.2 MB.

Unloading 46 unused Assets to reduce memory usage. Loaded Objects now: 3324.
Total: 3.785700 ms (FindLiveObjects: 0.334300 ms CreateObjectMapping: 0.189500 ms MarkObjects: 1.747000 ms  DeleteObjects: 1.514000 ms)

========================================================================
Received Prepare
Registering precompiled user dll's ...
Registered in 0.004285 seconds.
Begin MonoManager ReloadAssembly
Native extension for WindowsStandalone target not found
Refreshing native plugins compatible for Editor in 0.76 ms, found 1 plugins.
Preloading 0 native plugins for Editor in 0.00 ms.
Invoked RoslynAnalysisRunner static constructor.
RoslynAnalysisRunner will not be running.
RoslynAnalysisRunner has terminated.
Mono: successfully reloaded assembly
- Completed reload, in  1.296 seconds
Platform modules already initialized, skipping
Shader 'Universal Render Pipeline/Particles/Lit': fallback shader 'Universal Render Pipeline/Particles/SimpleLit' not found
Shader 'Universal Render Pipeline/Particles/Lit': fallback shader 'Universal Render Pipeline/Particles/SimpleLit' not found
Refreshing native plugins compatible for Editor in 0.68 ms, found 1 plugins.
Preloading 0 native plugins for Editor in 0.00 ms.
Unloading 2753 Unused Serialized files (Serialized files now loaded: 0)
System memory in use before: 121.4 MB.
System memory in use after: 119.2 MB.

Unloading 46 unused Assets to reduce memory usage. Loaded Objects now: 3327.
Total: 4.360600 ms (FindLiveObjects: 0.387900 ms CreateObjectMapping: 0.153400 ms MarkObjects: 2.187500 ms  DeleteObjects: 1.630600 ms)

========================================================================
Received Prepare
Registering precompiled user dll's ...
Registered in 0.003132 seconds.
Begin MonoManager ReloadAssembly
Native extension for WindowsStandalone target not found
Refreshing native plugins compatible for Editor in 0.50 ms, found 1 plugins.
Preloading 0 native plugins for Editor in 0.00 ms.
Invoked RoslynAnalysisRunner static constructor.
RoslynAnalysisRunner will not be running.
RoslynAnalysisRunner has terminated.
Mono: successfully reloaded assembly
- Completed reload, in  1.132 seconds
Platform modules already initialized, skipping
Shader 'Universal Render Pipeline/Particles/Lit': fallback shader 'Universal Render Pipeline/Particles/SimpleLit' not found
Shader 'Universal Render Pipeline/Particles/Lit': fallback shader 'Universal Render Pipeline/Particles/SimpleLit' not found
Refreshing native plugins compatible for Editor in 0.49 ms, found 1 plugins.
Preloading 0 native plugins for Editor in 0.00 ms.
Unloading 2753 Unused Serialized files (Serialized files now loaded: 0)
System memory in use before: 121.4 MB.
System memory in use after: 119.2 MB.

Unloading 46 unused Assets to reduce memory usage. Loaded Objects now: 3330.
Total: 4.633700 ms (FindLiveObjects: 0.508600 ms CreateObjectMapping: 0.261100 ms MarkObjects: 2.273000 ms  DeleteObjects: 1.589000 ms)

========================================================================
Received Prepare
Registering precompiled user dll's ...
Registered in 0.003327 seconds.
Begin MonoManager ReloadAssembly
Native extension for WindowsStandalone target not found
Refreshing native plugins compatible for Editor in 0.55 ms, found 1 plugins.
Preloading 0 native plugins for Editor in 0.00 ms.
Invoked RoslynAnalysisRunner static constructor.
RoslynAnalysisRunner will not be running.
RoslynAnalysisRunner has terminated.
Mono: successfully reloaded assembly
- Completed reload, in  1.277 seconds
Platform modules already initialized, skipping
Shader 'Universal Render Pipeline/Particles/Lit': fallback shader 'Universal Render Pipeline/Particles/SimpleLit' not found
Shader 'Universal Render Pipeline/Particles/Lit': fallback shader 'Universal Render Pipeline/Particles/SimpleLit' not found
Refreshing native plugins compatible for Editor in 0.45 ms, found 1 plugins.
Preloading 0 native plugins for Editor in 0.00 ms.
Unloading 2753 Unused Serialized files (Serialized files now loaded: 0)
System memory in use before: 121.4 MB.
System memory in use after: 119.2 MB.

Unloading 46 unused Assets to reduce memory usage. Loaded Objects now: 3333.
Total: 4.207700 ms (FindLiveObjects: 0.361700 ms CreateObjectMapping: 0.185200 ms MarkObjects: 1.984700 ms  DeleteObjects: 1.675300 ms)

========================================================================
Received Prepare
Registering precompiled user dll's ...
Registered in 0.003299 seconds.
Begin MonoManager ReloadAssembly
Native extension for WindowsStandalone target not found
Refreshing native plugins compatible for Editor in 0.58 ms, found 1 plugins.
Preloading 0 native plugins for Editor in 0.00 ms.
Invoked RoslynAnalysisRunner static constructor.
RoslynAnalysisRunner will not be running.
RoslynAnalysisRunner has terminated.
Mono: successfully reloaded assembly
- Completed reload, in  1.098 seconds
Platform modules already initialized, skipping
Shader 'Universal Render Pipeline/Particles/Lit': fallback shader 'Universal Render Pipeline/Particles/SimpleLit' not found
Shader 'Universal Render Pipeline/Particles/Lit': fallback shader 'Universal Render Pipeline/Particles/SimpleLit' not found
Refreshing native plugins compatible for Editor in 0.67 ms, found 1 plugins.
Preloading 0 native plugins for Editor in 0.00 ms.
Unloading 2753 Unused Serialized files (Serialized files now loaded: 0)
System memory in use before: 121.4 MB.
System memory in use after: 119.2 MB.

Unloading 46 unused Assets to reduce memory usage. Loaded Objects now: 3336.
Total: 4.576700 ms (FindLiveObjects: 0.393300 ms CreateObjectMapping: 0.187000 ms MarkObjects: 2.108600 ms  DeleteObjects: 1.886600 ms)

========================================================================
Received Import Request.
  Time since last request: 3894.841561 seconds.
  path: Assets/TutorialInfo
  artifactKey: Guid(49110bb8dcada46328ad741970bce702) Importer(815301076,1909f56bfc062723c751e8b465ee728b)
Start importing Assets/TutorialInfo using Guid(49110bb8dcada46328ad741970bce702) Importer(815301076,1909f56bfc062723c751e8b465ee728b)  -> (artifact id: '52d2c56c236522d2f33190a2acbcd059') in 0.026193 seconds
  Import took 0.030529 seconds .

========================================================================
Received Prepare
Registering precompiled user dll's ...
Registered in 0.004181 seconds.
Begin MonoManager ReloadAssembly
Native extension for WindowsStandalone target not found
Refreshing native plugins compatible for Editor in 0.88 ms, found 1 plugins.
Preloading 0 native plugins for Editor in 0.00 ms.
Invoked RoslynAnalysisRunner static constructor.
RoslynAnalysisRunner will not be running.
RoslynAnalysisRunner has terminated.
Mono: successfully reloaded assembly
- Completed reload, in  1.396 seconds
Platform modules already initialized, skipping
Shader 'Universal Render Pipeline/Particles/Lit': fallback shader 'Universal Render Pipeline/Particles/SimpleLit' not found
Shader 'Universal Render Pipeline/Particles/Lit': fallback shader 'Universal Render Pipeline/Particles/SimpleLit' not found
Refreshing native plugins compatible for Editor in 0.47 ms, found 1 plugins.
Preloading 0 native plugins for Editor in 0.00 ms.
Unloading 2753 Unused Serialized files (Serialized files now loaded: 0)
System memory in use before: 121.5 MB.
System memory in use after: 119.2 MB.

Unloading 46 unused Assets to reduce memory usage. Loaded Objects now: 3339.
Total: 4.124500 ms (FindLiveObjects: 0.402200 ms CreateObjectMapping: 0.177800 ms MarkObjects: 1.937000 ms  DeleteObjects: 1.592900 ms)

========================================================================
Received Prepare
Registering precompiled user dll's ...
Registered in 0.003798 seconds.
Begin MonoManager ReloadAssembly
Native extension for WindowsStandalone target not found
Refreshing native plugins compatible for Editor in 0.56 ms, found 1 plugins.
Preloading 0 native plugins for Editor in 0.00 ms.
Invoked RoslynAnalysisRunner static constructor.
RoslynAnalysisRunner will not be running.
RoslynAnalysisRunner has terminated.
Mono: successfully reloaded assembly
- Completed reload, in  1.200 seconds
Platform modules already initialized, skipping
Shader 'Universal Render Pipeline/Particles/Lit': fallback shader 'Universal Render Pipeline/Particles/SimpleLit' not found
Shader 'Universal Render Pipeline/Particles/Lit': fallback shader 'Universal Render Pipeline/Particles/SimpleLit' not found
Refreshing native plugins compatible for Editor in 0.67 ms, found 1 plugins.
Preloading 0 native plugins for Editor in 0.00 ms.
Unloading 2753 Unused Serialized files (Serialized files now loaded: 0)
System memory in use before: 121.4 MB.
System memory in use after: 119.2 MB.

Unloading 46 unused Assets to reduce memory usage. Loaded Objects now: 3342.
Total: 5.853000 ms (FindLiveObjects: 0.611500 ms CreateObjectMapping: 0.318700 ms MarkObjects: 3.226000 ms  DeleteObjects: 1.694900 ms)

========================================================================
Received Prepare
Registering precompiled user dll's ...
Registered in 0.003475 seconds.
Begin MonoManager ReloadAssembly
Native extension for WindowsStandalone target not found
Refreshing native plugins compatible for Editor in 0.65 ms, found 1 plugins.
Preloading 0 native plugins for Editor in 0.00 ms.
Invoked RoslynAnalysisRunner static constructor.
RoslynAnalysisRunner will not be running.
RoslynAnalysisRunner has terminated.
Mono: successfully reloaded assembly
- Completed reload, in  1.251 seconds
Platform modules already initialized, skipping
Shader 'Universal Render Pipeline/Particles/Lit': fallback shader 'Universal Render Pipeline/Particles/SimpleLit' not found
Shader 'Universal Render Pipeline/Particles/Lit': fallback shader 'Universal Render Pipeline/Particles/SimpleLit' not found
Refreshing native plugins compatible for Editor in 0.46 ms, found 1 plugins.
Preloading 0 native plugins for Editor in 0.00 ms.
Unloading 2753 Unused Serialized files (Serialized files now loaded: 0)
System memory in use before: 121.4 MB.
System memory in use after: 119.2 MB.

Unloading 46 unused Assets to reduce memory usage. Loaded Objects now: 3345.
Total: 3.893800 ms (FindLiveObjects: 0.299200 ms CreateObjectMapping: 0.113900 ms MarkObjects: 1.858500 ms  DeleteObjects: 1.621200 ms)

========================================================================
Received Import Request.
  Time since last request: 417.087830 seconds.
  path: Assets/ExampleAssets/Models/Workbench_Low.fbx
  artifactKey: Guid(ff6dc36862fe41641bb21568d92147c9) Importer(815301076,1909f56bfc062723c751e8b465ee728b)
Start importing Assets/ExampleAssets/Models/Workbench_Low.fbx using Guid(ff6dc36862fe41641bb21568d92147c9) Importer(815301076,1909f56bfc062723c751e8b465ee728b)  -> (artifact id: '57a89a7aae6bc93bbaf6f2e5e103cf20') in 1.581243 seconds
  Import took 1.598916 seconds .

========================================================================
Received Import Request.
  Time since last request: 0.000380 seconds.
  path: Assets/ExampleAssets/Models/Workbench.fbx
  artifactKey: Guid(efe9381559c516743bd05cef82f39ebb) Importer(815301076,1909f56bfc062723c751e8b465ee728b)
Start importing Assets/ExampleAssets/Models/Workbench.fbx using Guid(efe9381559c516743bd05cef82f39ebb) Importer(815301076,1909f56bfc062723c751e8b465ee728b)  -> (artifact id: 'e71812c4b2b276b8e1323bbce2b7423d') in 0.117525 seconds
  Import took 0.129503 seconds .

========================================================================
Received Prepare
Registering precompiled user dll's ...
Registered in 0.003391 seconds.
Begin MonoManager ReloadAssembly
Native extension for WindowsStandalone target not found
Refreshing native plugins compatible for Editor in 0.46 ms, found 1 plugins.
Preloading 0 native plugins for Editor in 0.00 ms.
Invoked RoslynAnalysisRunner static constructor.
RoslynAnalysisRunner will not be running.
RoslynAnalysisRunner has terminated.
Mono: successfully reloaded assembly
- Completed reload, in  1.078 seconds
Platform modules already initialized, skipping
Shader 'Universal Render Pipeline/Particles/Lit': fallback shader 'Universal Render Pipeline/Particles/SimpleLit' not found
Shader 'Universal Render Pipeline/Particles/Lit': fallback shader 'Universal Render Pipeline/Particles/SimpleLit' not found
Refreshing native plugins compatible for Editor in 0.51 ms, found 1 plugins.
Preloading 0 native plugins for Editor in 0.00 ms.
Unloading 2754 Unused Serialized files (Serialized files now loaded: 0)
System memory in use before: 127.5 MB.
System memory in use after: 125.4 MB.

Unloading 46 unused Assets to reduce memory usage. Loaded Objects now: 3432.
Total: 3.815100 ms (FindLiveObjects: 0.344700 ms CreateObjectMapping: 0.141100 ms MarkObjects: 1.998300 ms  DeleteObjects: 1.330200 ms)

========================================================================
Received Import Request.
  Time since last request: 87.736516 seconds.
  path: Assets/Ricarda/followFace.cs
  artifactKey: Guid(8bc14e21bb2eec447b72f52dde39ad0e) Importer(815301076,1909f56bfc062723c751e8b465ee728b)
Start importing Assets/Ricarda/followFace.cs using Guid(8bc14e21bb2eec447b72f52dde39ad0e) Importer(815301076,1909f56bfc062723c751e8b465ee728b)  -> (artifact id: '0d45ae13f0742efe6ec57dd5eaabb235') in 0.007187 seconds
  Import took 0.012666 seconds .

========================================================================
Received Prepare
Registering precompiled user dll's ...
Registered in 0.004420 seconds.
Begin MonoManager ReloadAssembly
Native extension for WindowsStandalone target not found
Refreshing native plugins compatible for Editor in 1.17 ms, found 1 plugins.
Preloading 0 native plugins for Editor in 0.00 ms.
Invoked RoslynAnalysisRunner static constructor.
RoslynAnalysisRunner will not be running.
RoslynAnalysisRunner has terminated.
Mono: successfully reloaded assembly
- Completed reload, in  1.239 seconds
Platform modules already initialized, skipping
Shader 'Universal Render Pipeline/Particles/Lit': fallback shader 'Universal Render Pipeline/Particles/SimpleLit' not found
Shader 'Universal Render Pipeline/Particles/Lit': fallback shader 'Universal Render Pipeline/Particles/SimpleLit' not found
Refreshing native plugins compatible for Editor in 0.52 ms, found 1 plugins.
Preloading 0 native plugins for Editor in 0.00 ms.
Unloading 2754 Unused Serialized files (Serialized files now loaded: 0)
System memory in use before: 127.5 MB.
System memory in use after: 125.4 MB.

Unloading 46 unused Assets to reduce memory usage. Loaded Objects now: 3435.
Total: 3.666300 ms (FindLiveObjects: 0.294900 ms CreateObjectMapping: 0.120500 ms MarkObjects: 1.810200 ms  DeleteObjects: 1.439400 ms)

========================================================================
Received Import Request.
  Time since last request: 416.629846 seconds.
  path: Assets/Ricarda/followFace.cs
  artifactKey: Guid(8bc14e21bb2eec447b72f52dde39ad0e) Importer(815301076,1909f56bfc062723c751e8b465ee728b)
Start importing Assets/Ricarda/followFace.cs using Guid(8bc14e21bb2eec447b72f52dde39ad0e) Importer(815301076,1909f56bfc062723c751e8b465ee728b)  -> (artifact id: '43ec7abf85b0b645cc5fff5f3d3e214b') in 0.006797 seconds
  Import took 0.012161 seconds .

========================================================================
Received Import Request.
  Time since last request: 0.061308 seconds.
  path: Assets/Ricarda/followFace.cs
  artifactKey: Guid(8bc14e21bb2eec447b72f52dde39ad0e) Importer(815301076,1909f56bfc062723c751e8b465ee728b)
Start importing Assets/Ricarda/followFace.cs using Guid(8bc14e21bb2eec447b72f52dde39ad0e) Importer(815301076,1909f56bfc062723c751e8b465ee728b)  -> (artifact id: '43ec7abf85b0b645cc5fff5f3d3e214b') in 0.004690 seconds
  Import took 0.012961 seconds .

========================================================================
Received Prepare
Registering precompiled user dll's ...
Registered in 0.003218 seconds.
Begin MonoManager ReloadAssembly
Native extension for WindowsStandalone target not found
Refreshing native plugins compatible for Editor in 0.57 ms, found 1 plugins.
Preloading 0 native plugins for Editor in 0.00 ms.
Invoked RoslynAnalysisRunner static constructor.
RoslynAnalysisRunner will not be running.
RoslynAnalysisRunner has terminated.
Mono: successfully reloaded assembly
- Completed reload, in  1.344 seconds
Platform modules already initialized, skipping
Shader 'Universal Render Pipeline/Particles/Lit': fallback shader 'Universal Render Pipeline/Particles/SimpleLit' not found
Shader 'Universal Render Pipeline/Particles/Lit': fallback shader 'Universal Render Pipeline/Particles/SimpleLit' not found
Refreshing native plugins compatible for Editor in 0.48 ms, found 1 plugins.
Preloading 0 native plugins for Editor in 0.00 ms.
Unloading 2754 Unused Serialized files (Serialized files now loaded: 0)
System memory in use before: 127.6 MB.
System memory in use after: 125.4 MB.

Unloading 46 unused Assets to reduce memory usage. Loaded Objects now: 3438.
Total: 4.187200 ms (FindLiveObjects: 0.491900 ms CreateObjectMapping: 0.175500 ms MarkObjects: 2.138000 ms  DeleteObjects: 1.380900 ms)

========================================================================
Received Prepare
Registering precompiled user dll's ...
Registered in 0.003618 seconds.
Begin MonoManager ReloadAssembly
Native extension for WindowsStandalone target not found
Refreshing native plugins compatible for Editor in 0.52 ms, found 1 plugins.
Preloading 0 native plugins for Editor in 0.00 ms.
Invoked RoslynAnalysisRunner static constructor.
RoslynAnalysisRunner will not be running.
RoslynAnalysisRunner has terminated.
Mono: successfully reloaded assembly
- Completed reload, in  1.117 seconds
Platform modules already initialized, skipping
Shader 'Universal Render Pipeline/Particles/Lit': fallback shader 'Universal Render Pipeline/Particles/SimpleLit' not found
Shader 'Universal Render Pipeline/Particles/Lit': fallback shader 'Universal Render Pipeline/Particles/SimpleLit' not found
Refreshing native plugins compatible for Editor in 0.57 ms, found 1 plugins.
Preloading 0 native plugins for Editor in 0.00 ms.
Unloading 2754 Unused Serialized files (Serialized files now loaded: 0)
System memory in use before: 127.6 MB.
System memory in use after: 125.4 MB.

Unloading 46 unused Assets to reduce memory usage. Loaded Objects now: 3441.
Total: 3.959200 ms (FindLiveObjects: 0.334500 ms CreateObjectMapping: 0.129300 ms MarkObjects: 1.904400 ms  DeleteObjects: 1.590000 ms)

========================================================================
Received Prepare
Registering precompiled user dll's ...
Registered in 0.005070 seconds.
Begin MonoManager ReloadAssembly
Native extension for WindowsStandalone target not found
Refreshing native plugins compatible for Editor in 0.50 ms, found 1 plugins.
Preloading 0 native plugins for Editor in 0.00 ms.
Invoked RoslynAnalysisRunner static constructor.
RoslynAnalysisRunner will not be running.
RoslynAnalysisRunner has terminated.
Mono: successfully reloaded assembly
- Completed reload, in  1.152 seconds
Platform modules already initialized, skipping
Shader 'Universal Render Pipeline/Particles/Lit': fallback shader 'Universal Render Pipeline/Particles/SimpleLit' not found
Shader 'Universal Render Pipeline/Particles/Lit': fallback shader 'Universal Render Pipeline/Particles/SimpleLit' not found
Refreshing native plugins compatible for Editor in 0.48 ms, found 1 plugins.
Preloading 0 native plugins for Editor in 0.00 ms.
Unloading 2754 Unused Serialized files (Serialized files now loaded: 0)
System memory in use before: 127.6 MB.
System memory in use after: 125.4 MB.

Unloading 46 unused Assets to reduce memory usage. Loaded Objects now: 3444.
Total: 4.139600 ms (FindLiveObjects: 0.351900 ms CreateObjectMapping: 0.138300 ms MarkObjects: 2.126300 ms  DeleteObjects: 1.521700 ms)

========================================================================
Received Prepare
Registering precompiled user dll's ...
Registered in 0.003505 seconds.
Begin MonoManager ReloadAssembly
Native extension for WindowsStandalone target not found
Refreshing native plugins compatible for Editor in 0.75 ms, found 1 plugins.
Preloading 0 native plugins for Editor in 0.00 ms.
Invoked RoslynAnalysisRunner static constructor.
RoslynAnalysisRunner will not be running.
RoslynAnalysisRunner has terminated.
Mono: successfully reloaded assembly
- Completed reload, in  1.164 seconds
Platform modules already initialized, skipping
Shader 'Universal Render Pipeline/Particles/Lit': fallback shader 'Universal Render Pipeline/Particles/SimpleLit' not found
Shader 'Universal Render Pipeline/Particles/Lit': fallback shader 'Universal Render Pipeline/Particles/SimpleLit' not found
Refreshing native plugins compatible for Editor in 0.59 ms, found 1 plugins.
Preloading 0 native plugins for Editor in 0.00 ms.
Unloading 2754 Unused Serialized files (Serialized files now loaded: 0)
System memory in use before: 127.6 MB.
System memory in use after: 125.4 MB.

Unloading 46 unused Assets to reduce memory usage. Loaded Objects now: 3447.
Total: 3.728900 ms (FindLiveObjects: 0.349300 ms CreateObjectMapping: 0.169100 ms MarkObjects: 1.835800 ms  DeleteObjects: 1.373500 ms)

========================================================================
Received Prepare
Registering precompiled user dll's ...
Registered in 0.004063 seconds.
Begin MonoManager ReloadAssembly
Native extension for WindowsStandalone target not found
Refreshing native plugins compatible for Editor in 0.48 ms, found 1 plugins.
Preloading 0 native plugins for Editor in 0.00 ms.
Invoked RoslynAnalysisRunner static constructor.
RoslynAnalysisRunner will not be running.
RoslynAnalysisRunner has terminated.
Mono: successfully reloaded assembly
- Completed reload, in  1.065 seconds
Platform modules already initialized, skipping
Shader 'Universal Render Pipeline/Particles/Lit': fallback shader 'Universal Render Pipeline/Particles/SimpleLit' not found
Shader 'Universal Render Pipeline/Particles/Lit': fallback shader 'Universal Render Pipeline/Particles/SimpleLit' not found
Refreshing native plugins compatible for Editor in 0.54 ms, found 1 plugins.
Preloading 0 native plugins for Editor in 0.00 ms.
Unloading 2754 Unused Serialized files (Serialized files now loaded: 0)
System memory in use before: 127.6 MB.
System memory in use after: 125.4 MB.

Unloading 46 unused Assets to reduce memory usage. Loaded Objects now: 3450.
Total: 3.974300 ms (FindLiveObjects: 0.311700 ms CreateObjectMapping: 0.166600 ms MarkObjects: 1.933100 ms  DeleteObjects: 1.561700 ms)

========================================================================
Received Prepare
Registering precompiled user dll's ...
Registered in 0.003460 seconds.
Begin MonoManager ReloadAssembly
Native extension for WindowsStandalone target not found
Refreshing native plugins compatible for Editor in 0.53 ms, found 1 plugins.
Preloading 0 native plugins for Editor in 0.00 ms.
Invoked RoslynAnalysisRunner static constructor.
RoslynAnalysisRunner will not be running.
RoslynAnalysisRunner has terminated.
Mono: successfully reloaded assembly
- Completed reload, in  1.418 seconds
Platform modules already initialized, skipping
Shader 'Universal Render Pipeline/Particles/Lit': fallback shader 'Universal Render Pipeline/Particles/SimpleLit' not found
Shader 'Universal Render Pipeline/Particles/Lit': fallback shader 'Universal Render Pipeline/Particles/SimpleLit' not found
Refreshing native plugins compatible for Editor in 0.76 ms, found 1 plugins.
Preloading 0 native plugins for Editor in 0.00 ms.
Unloading 2754 Unused Serialized files (Serialized files now loaded: 0)
System memory in use before: 127.6 MB.
System memory in use after: 125.4 MB.

Unloading 46 unused Assets to reduce memory usage. Loaded Objects now: 3453.
Total: 6.186300 ms (FindLiveObjects: 0.521300 ms CreateObjectMapping: 0.243300 ms MarkObjects: 2.988600 ms  DeleteObjects: 2.430000 ms)

========================================================================
Received Prepare
Registering precompiled user dll's ...
Registered in 0.003203 seconds.
Begin MonoManager ReloadAssembly
Native extension for WindowsStandalone target not found
Refreshing native plugins compatible for Editor in 0.47 ms, found 1 plugins.
Preloading 0 native plugins for Editor in 0.00 ms.
Invoked RoslynAnalysisRunner static constructor.
RoslynAnalysisRunner will not be running.
RoslynAnalysisRunner has terminated.
Mono: successfully reloaded assembly
- Completed reload, in  1.652 seconds
Platform modules already initialized, skipping
Shader 'Universal Render Pipeline/Particles/Lit': fallback shader 'Universal Render Pipeline/Particles/SimpleLit' not found
Shader 'Universal Render Pipeline/Particles/Lit': fallback shader 'Universal Render Pipeline/Particles/SimpleLit' not found
Refreshing native plugins compatible for Editor in 0.47 ms, found 1 plugins.
Preloading 0 native plugins for Editor in 0.00 ms.
Unloading 2754 Unused Serialized files (Serialized files now loaded: 0)
System memory in use before: 127.6 MB.
System memory in use after: 125.4 MB.

Unloading 46 unused Assets to reduce memory usage. Loaded Objects now: 3456.
Total: 3.722500 ms (FindLiveObjects: 0.293500 ms CreateObjectMapping: 0.144200 ms MarkObjects: 1.859800 ms  DeleteObjects: 1.424300 ms)

========================================================================
Received Prepare
Registering precompiled user dll's ...
Registered in 0.003584 seconds.
Begin MonoManager ReloadAssembly
Native extension for WindowsStandalone target not found
Refreshing native plugins compatible for Editor in 0.47 ms, found 1 plugins.
Preloading 0 native plugins for Editor in 0.00 ms.
Invoked RoslynAnalysisRunner static constructor.
RoslynAnalysisRunner will not be running.
RoslynAnalysisRunner has terminated.
Mono: successfully reloaded assembly
- Completed reload, in  1.436 seconds
Platform modules already initialized, skipping
Shader 'Universal Render Pipeline/Particles/Lit': fallback shader 'Universal Render Pipeline/Particles/SimpleLit' not found
Shader 'Universal Render Pipeline/Particles/Lit': fallback shader 'Universal Render Pipeline/Particles/SimpleLit' not found
Refreshing native plugins compatible for Editor in 0.48 ms, found 1 plugins.
Preloading 0 native plugins for Editor in 0.00 ms.
Unloading 2754 Unused Serialized files (Serialized files now loaded: 0)
System memory in use before: 127.6 MB.
System memory in use after: 125.4 MB.

Unloading 46 unused Assets to reduce memory usage. Loaded Objects now: 3459.
Total: 4.021600 ms (FindLiveObjects: 0.350200 ms CreateObjectMapping: 0.163900 ms MarkObjects: 2.072400 ms  DeleteObjects: 1.434100 ms)

========================================================================
Received Prepare
Registering precompiled user dll's ...
Registered in 0.003940 seconds.
Begin MonoManager ReloadAssembly
Native extension for WindowsStandalone target not found
Refreshing native plugins compatible for Editor in 0.52 ms, found 1 plugins.
Preloading 0 native plugins for Editor in 0.00 ms.
Invoked RoslynAnalysisRunner static constructor.
RoslynAnalysisRunner will not be running.
RoslynAnalysisRunner has terminated.
Mono: successfully reloaded assembly
- Completed reload, in  1.068 seconds
Platform modules already initialized, skipping
Shader 'Universal Render Pipeline/Particles/Lit': fallback shader 'Universal Render Pipeline/Particles/SimpleLit' not found
Shader 'Universal Render Pipeline/Particles/Lit': fallback shader 'Universal Render Pipeline/Particles/SimpleLit' not found
Refreshing native plugins compatible for Editor in 0.47 ms, found 1 plugins.
Preloading 0 native plugins for Editor in 0.00 ms.
Unloading 2754 Unused Serialized files (Serialized files now loaded: 0)
System memory in use before: 127.6 MB.
System memory in use after: 125.4 MB.

Unloading 46 unused Assets to reduce memory usage. Loaded Objects now: 3462.
Total: 3.933200 ms (FindLiveObjects: 0.473300 ms CreateObjectMapping: 0.178600 ms MarkObjects: 1.824800 ms  DeleteObjects: 1.454900 ms)

========================================================================
Received Prepare
Registering precompiled user dll's ...
Registered in 0.003329 seconds.
Begin MonoManager ReloadAssembly
Native extension for WindowsStandalone target not found
Refreshing native plugins compatible for Editor in 0.59 ms, found 1 plugins.
Preloading 0 native plugins for Editor in 0.00 ms.
Invoked RoslynAnalysisRunner static constructor.
RoslynAnalysisRunner will not be running.
RoslynAnalysisRunner has terminated.
Mono: successfully reloaded assembly
- Completed reload, in  1.351 seconds
Platform modules already initialized, skipping
Shader 'Universal Render Pipeline/Particles/Lit': fallback shader 'Universal Render Pipeline/Particles/SimpleLit' not found
Shader 'Universal Render Pipeline/Particles/Lit': fallback shader 'Universal Render Pipeline/Particles/SimpleLit' not found
Refreshing native plugins compatible for Editor in 0.49 ms, found 1 plugins.
Preloading 0 native plugins for Editor in 0.00 ms.
Unloading 2754 Unused Serialized files (Serialized files now loaded: 0)
System memory in use before: 127.6 MB.
System memory in use after: 125.4 MB.

Unloading 46 unused Assets to reduce memory usage. Loaded Objects now: 3465.
Total: 4.382100 ms (FindLiveObjects: 0.404000 ms CreateObjectMapping: 0.231400 ms MarkObjects: 2.266300 ms  DeleteObjects: 1.478500 ms)

========================================================================
Received Prepare
Registering precompiled user dll's ...
Registered in 0.003257 seconds.
Begin MonoManager ReloadAssembly
Native extension for WindowsStandalone target not found
Refreshing native plugins compatible for Editor in 0.47 ms, found 1 plugins.
Preloading 0 native plugins for Editor in 0.00 ms.
Invoked RoslynAnalysisRunner static constructor.
RoslynAnalysisRunner will not be running.
RoslynAnalysisRunner has terminated.
Mono: successfully reloaded assembly
- Completed reload, in  1.152 seconds
Platform modules already initialized, skipping
Shader 'Universal Render Pipeline/Particles/Lit': fallback shader 'Universal Render Pipeline/Particles/SimpleLit' not found
Shader 'Universal Render Pipeline/Particles/Lit': fallback shader 'Universal Render Pipeline/Particles/SimpleLit' not found
Refreshing native plugins compatible for Editor in 0.47 ms, found 1 plugins.
Preloading 0 native plugins for Editor in 0.00 ms.
Unloading 2754 Unused Serialized files (Serialized files now loaded: 0)
System memory in use before: 127.6 MB.
System memory in use after: 125.4 MB.

Unloading 46 unused Assets to reduce memory usage. Loaded Objects now: 3468.
Total: 7.293600 ms (FindLiveObjects: 0.525100 ms CreateObjectMapping: 0.300800 ms MarkObjects: 3.576400 ms  DeleteObjects: 2.888500 ms)

========================================================================
Received Prepare
Registering precompiled user dll's ...
Registered in 0.003527 seconds.
Begin MonoManager ReloadAssembly
Native extension for WindowsStandalone target not found
Refreshing native plugins compatible for Editor in 0.86 ms, found 1 plugins.
Preloading 0 native plugins for Editor in 0.00 ms.
Invoked RoslynAnalysisRunner static constructor.
RoslynAnalysisRunner will not be running.
RoslynAnalysisRunner has terminated.
Mono: successfully reloaded assembly
- Completed reload, in  1.651 seconds
Platform modules already initialized, skipping
Shader 'Universal Render Pipeline/Particles/Lit': fallback shader 'Universal Render Pipeline/Particles/SimpleLit' not found
Shader 'Universal Render Pipeline/Particles/Lit': fallback shader 'Universal Render Pipeline/Particles/SimpleLit' not found
Refreshing native plugins compatible for Editor in 0.47 ms, found 1 plugins.
Preloading 0 native plugins for Editor in 0.00 ms.
Unloading 2754 Unused Serialized files (Serialized files now loaded: 0)
System memory in use before: 127.7 MB.
System memory in use after: 125.4 MB.

Unloading 46 unused Assets to reduce memory usage. Loaded Objects now: 3471.
Total: 4.018100 ms (FindLiveObjects: 0.342900 ms CreateObjectMapping: 0.160500 ms MarkObjects: 1.978600 ms  DeleteObjects: 1.535100 ms)

AssetImportWorkerClient::OnTransportError - code=2 error=End of file
